<?xml version="1.0" encoding="UTF-8"?>
<robot generator="Robot 5.0.1 (Python 3.9.13 on win32)" generated="20220905 14:05:20.025" rpa="true" schemaversion="3">
<suite id="s1" name="Shared" source="i:\Codeo\Python\Robocorp\Inhuman insurance incais robot\shared.robot">
<test id="s1-t1" name="Produces traffic data work items" line="13">
<kw name="Log" library="BuiltIn">
<arg>Done.</arg>
<doc>Logs the given message with the given level.</doc>
<msg timestamp="20220905 14:05:22.689" level="INFO">Done.</msg>
<status status="PASS" starttime="20220905 14:05:22.688" endtime="20220905 14:05:22.689"/>
</kw>
<status status="PASS" starttime="20220905 14:05:22.687" endtime="20220905 14:05:22.689"/>
</test>
<test id="s1-t2" name="Consume traffic data work items" line="15">
<kw name="Log" library="BuiltIn">
<arg>Done.</arg>
<doc>Logs the given message with the given level.</doc>
<msg timestamp="20220905 14:05:22.691" level="INFO">Done.</msg>
<status status="PASS" starttime="20220905 14:05:22.691" endtime="20220905 14:05:22.692"/>
</kw>
<status status="PASS" starttime="20220905 14:05:22.691" endtime="20220905 14:05:22.692"/>
</test>
<doc>Inhuman Insurance, Inc. Artificial Intelligence System robot.
Shared settings and code.</doc>
<status status="PASS" starttime="20220905 14:05:20.029" endtime="20220905 14:05:22.694"/>
</suite>
<statistics>
<total>
<stat pass="2" fail="0" skip="0">All Tasks</stat>
</total>
<tag>
</tag>
<suite>
<stat pass="2" fail="0" skip="0" id="s1" name="Shared">Shared</stat>
</suite>
</statistics>
<errors>
<msg timestamp="20220905 14:05:22.686" level="WARN">No input work items file found: None</msg>
</errors>
</robot>
