<?xml version="1.0" encoding="UTF-8"?>
<robot generator="Robot 5.0.1 (Python 3.9.13 on win32)" generated="20220901 11:29:46.152" rpa="true" schemaversion="3">
<suite id="s1" name="Tasks" source="i:\Codeo\Python\Robocorp\Fill Robot Order\tasks.robot">
<test id="s1-t1" name="Order robots from RobotSpareBin Industries Inc" line="26">
<kw name="Create folders">
<kw name="Log To Console" library="BuiltIn">
<arg>Creating folder for Files</arg>
<doc>Logs the given message to the console.</doc>
<status status="PASS" starttime="20220901 11:29:49.287" endtime="20220901 11:29:49.288"/>
</kw>
<kw name="Create Directory" library="RPA.FileSystem">
<arg>${image_folder}</arg>
<doc>Creates a directory and (optionally) non-existing parent directories.</doc>
<status status="PASS" starttime="20220901 11:29:49.288" endtime="20220901 11:29:49.288"/>
</kw>
<kw name="Create Directory" library="RPA.FileSystem">
<arg>${pdf_folder}</arg>
<doc>Creates a directory and (optionally) non-existing parent directories.</doc>
<status status="PASS" starttime="20220901 11:29:49.289" endtime="20220901 11:29:49.289"/>
</kw>
<kw name="Create Directory" library="RPA.FileSystem">
<arg>${out_folder}</arg>
<doc>Creates a directory and (optionally) non-existing parent directories.</doc>
<status status="PASS" starttime="20220901 11:29:49.289" endtime="20220901 11:29:49.290"/>
</kw>
<kw name="Empty Directory" library="RPA.FileSystem">
<arg>${image_folder}</arg>
<doc>Removes all the files in the given directory.</doc>
<status status="PASS" starttime="20220901 11:29:49.291" endtime="20220901 11:29:49.291"/>
</kw>
<kw name="Empty Directory" library="RPA.FileSystem">
<arg>${pdf_folder}</arg>
<doc>Removes all the files in the given directory.</doc>
<status status="PASS" starttime="20220901 11:29:49.292" endtime="20220901 11:29:49.292"/>
</kw>
<kw name="Empty Directory" library="RPA.FileSystem">
<arg>${out_folder}</arg>
<doc>Removes all the files in the given directory.</doc>
<msg timestamp="20220901 11:29:49.294" level="INFO">Removed file: i:\Codeo\Python\Robocorp\Fill Robot Order\outputFiles\output.zip</msg>
<status status="PASS" starttime="20220901 11:29:49.293" endtime="20220901 11:29:49.334"/>
</kw>
<status status="PASS" starttime="20220901 11:29:49.287" endtime="20220901 11:29:49.335"/>
</kw>
<kw name="Get The User Name">
<var>${username}</var>
<kw name="Add heading" library="RPA.Dialogs">
<arg>I am RoboCorp Order Filler</arg>
<doc>Add a centered heading text element</doc>
<status status="PASS" starttime="20220901 11:29:49.336" endtime="20220901 11:29:49.336"/>
</kw>
<kw name="Add text input" library="RPA.Dialogs">
<arg>myname</arg>
<arg>label=What's your name?</arg>
<arg>placeholder=Name:</arg>
<tag>input</tag>
<doc>Add a text input element</doc>
<status status="PASS" starttime="20220901 11:29:49.336" endtime="20220901 11:29:49.337"/>
</kw>
<kw name="Run dialog" library="RPA.Dialogs">
<var>${result}</var>
<tag>dialog</tag>
<doc>Create a dialog from all the defined elements and block
until the user has handled it.</doc>
<msg timestamp="20220901 11:29:49.337" level="INFO">Protecting keyword: RPA.Dialogs.Run dialog</msg>
<msg timestamp="20220901 11:29:56.192" level="INFO">Log level changed from NONE to INFO.</msg>
<status status="PASS" starttime="20220901 11:29:49.337" endtime="20220901 11:29:56.191"/>
</kw>
<msg timestamp="20220901 11:29:56.193" level="INFO">${username} = {'myname': 'Gianfranco', 'submit': 'Submit'}</msg>
<status status="PASS" starttime="20220901 11:29:49.335" endtime="20220901 11:29:56.193"/>
</kw>
<kw name="Open the robot order website">
<kw name="Open Available Browser" library="RPA.Browser.Selenium">
<arg>url=${url}</arg>
<doc>Attempts to open a browser on the user's device from a set of
supported browsers. Automatically downloads a corresponding webdriver
if none is already installed.</doc>
<msg timestamp="20220901 11:29:56.197" level="INFO">Creating an instance of the Chrome WebDriver.</msg>
<msg timestamp="20220901 11:29:56.240" level="INFO">Created download root directory: C:\Users\giaan\AppData\Local\robocorp\webdrivers</msg>
<msg timestamp="20220901 11:29:56.241" level="INFO">Created symlink directory: C:\Users\giaan\AppData\Local\robocorp\webdrivers</msg>
<msg timestamp="20220901 11:29:56.241" level="INFO">Creating an instance of the Chrome WebDriver.</msg>
<msg timestamp="20220901 11:29:58.514" level="INFO">Created Chrome browser with arguments: --disable-dev-shm-usage --disable-web-security --allow-running-insecure-content --no-sandbox</msg>
<msg timestamp="20220901 11:29:58.514" level="INFO" html="true">&lt;p&gt;Attempted combinations:&lt;/p&gt;&lt;div class="doc"&gt;&lt;table&gt;&lt;tr&gt;&lt;th&gt;Browser&lt;/th&gt;&lt;th&gt;Download&lt;/th&gt;&lt;th&gt;Error&lt;/th&gt;&lt;/tr&gt;&lt;tr&gt;&lt;td&gt;Chrome&lt;/td&gt;&lt;td&gt;False&lt;/td&gt;&lt;td&gt;Message: 'chromedriver' executable needs to be in PATH. Please see https://sites.google.com/a/chromium.org/chromedriver/home
&lt;/td&gt;&lt;/tr&gt;&lt;tr&gt;&lt;td&gt;Chrome&lt;/td&gt;&lt;td&gt;True&lt;/td&gt;&lt;td&gt;&lt;/td&gt;&lt;/tr&gt;&lt;/table&gt;&lt;/div&gt;</msg>
<msg timestamp="20220901 11:29:58.514" level="INFO">Opening url 'https://robotsparebinindustries.com/#/robot-order'</msg>
<status status="PASS" starttime="20220901 11:29:56.195" endtime="20220901 11:29:59.256"/>
</kw>
<status status="PASS" starttime="20220901 11:29:56.194" endtime="20220901 11:29:59.257"/>
</kw>
<kw name="Get orders">
<var>${orders}</var>
<kw name="Download" library="RPA.HTTP">
<arg>url=${url_csv}</arg>
<doc>An alias for the ``HTTP Get`` keyword.</doc>
<msg timestamp="20220901 11:29:59.259" level="INFO">Creating a new HTTP session</msg>
<msg timestamp="20220901 11:29:59.259" level="INFO">Creating Session using : alias=rpasession_alias.httpsrobotsparebinindustries.com, url=https://robotsparebinindustries.com, headers={},                     cookies={}, auth=None, timeout=None, proxies=None, verify=True,                     debug=0 </msg>
<status status="PASS" starttime="20220901 11:29:59.258" endtime="20220901 11:29:59.791"/>
</kw>
<kw name="Read table from CSV" library="RPA.Tables">
<var>${table}</var>
<arg>orders.csv</arg>
<doc>Read a CSV file as a table.</doc>
<msg timestamp="20220901 11:29:59.795" level="INFO">${table} = Table(columns=['Order number', 'Head', 'Body', 'Legs', 'Address'], rows=20)</msg>
<status status="PASS" starttime="20220901 11:29:59.791" endtime="20220901 11:29:59.795"/>
</kw>
<msg timestamp="20220901 11:29:59.795" level="INFO">${orders} = Table(columns=['Order number', 'Head', 'Body', 'Legs', 'Address'], rows=20)</msg>
<status status="PASS" starttime="20220901 11:29:59.257" endtime="20220901 11:29:59.796"/>
</kw>
<for flavor="IN">
<var>${row}</var>
<value>@{orders}</value>
<iter>
<var name="${row}">{'Order number': '1', 'Head': '1', 'Body': '2', 'Legs': '3', 'Address': 'Address 123'}</var>
<kw name="Close the annoying modal">
<kw name="Click Button" library="RPA.Browser.Selenium">
<arg>OK</arg>
<doc>Clicks the button identified by ``locator``.</doc>
<msg timestamp="20220901 11:29:59.798" level="INFO">Clicking button 'OK'.</msg>
<status status="PASS" starttime="20220901 11:29:59.797" endtime="20220901 11:29:59.872"/>
</kw>
<status status="PASS" starttime="20220901 11:29:59.797" endtime="20220901 11:29:59.873"/>
</kw>
<kw name="Fill the form">
<arg>${row}</arg>
<kw name="Set Local Variable" library="BuiltIn">
<arg>${choose_head}</arg>
<arg>//*[@id="head"]</arg>
<doc>Makes a variable available everywhere within the local scope.</doc>
<msg timestamp="20220901 11:29:59.876" level="INFO">${choose_head} = //*[@id="head"]</msg>
<status status="PASS" starttime="20220901 11:29:59.874" endtime="20220901 11:29:59.876"/>
</kw>
<kw name="Set Local Variable" library="BuiltIn">
<arg>${choose_body}</arg>
<arg>body</arg>
<doc>Makes a variable available everywhere within the local scope.</doc>
<msg timestamp="20220901 11:29:59.879" level="INFO">${choose_body} = body</msg>
<status status="PASS" starttime="20220901 11:29:59.877" endtime="20220901 11:29:59.879"/>
</kw>
<kw name="Set Local Variable" library="BuiltIn">
<arg>${number_legs}</arg>
<arg>xpath:/html/body/div/div/div[1]/div/div[1]/form/div[3]/input</arg>
<doc>Makes a variable available everywhere within the local scope.</doc>
<msg timestamp="20220901 11:29:59.882" level="INFO">${number_legs} = xpath:/html/body/div/div/div[1]/div/div[1]/form/div[3]/input</msg>
<status status="PASS" starttime="20220901 11:29:59.880" endtime="20220901 11:29:59.882"/>
</kw>
<kw name="Set Local Variable" library="BuiltIn">
<arg>${shipping_addres}</arg>
<arg>//*[@id="address"]</arg>
<doc>Makes a variable available everywhere within the local scope.</doc>
<msg timestamp="20220901 11:29:59.884" level="INFO">${shipping_addres} = //*[@id="address"]</msg>
<status status="PASS" starttime="20220901 11:29:59.883" endtime="20220901 11:29:59.884"/>
</kw>
<kw name="Wait Until Element Is Visible" library="RPA.Browser.Selenium">
<arg>${choose_head}</arg>
<doc>Waits until the element ``locator`` is visible.</doc>
<status status="PASS" starttime="20220901 11:29:59.885" endtime="20220901 11:29:59.914"/>
</kw>
<kw name="Wait Until Element Is Enabled" library="RPA.Browser.Selenium">
<arg>${choose_head}</arg>
<doc>Waits until the element ``locator`` is enabled.</doc>
<status status="PASS" starttime="20220901 11:29:59.914" endtime="20220901 11:29:59.932"/>
</kw>
<kw name="Select From List By Value" library="RPA.Browser.Selenium">
<arg>${choose_head}</arg>
<arg>${row}[Head]</arg>
<doc>Selects options from selection list ``locator`` by ``values``.</doc>
<msg timestamp="20220901 11:29:59.933" level="INFO">Selecting options from selection list '//*[@id="head"]' by value 1.</msg>
<status status="PASS" starttime="20220901 11:29:59.932" endtime="20220901 11:29:59.989"/>
</kw>
<kw name="Wait Until Element Is Enabled" library="RPA.Browser.Selenium">
<arg>${choose_body}</arg>
<doc>Waits until the element ``locator`` is enabled.</doc>
<status status="PASS" starttime="20220901 11:29:59.989" endtime="20220901 11:30:00.016"/>
</kw>
<kw name="Select Radio Button" library="RPA.Browser.Selenium">
<arg>${choose_body}</arg>
<arg>${row}[Body]</arg>
<doc>Sets the radio button group ``group_name`` to ``value``.</doc>
<msg timestamp="20220901 11:30:00.017" level="INFO">Selecting '2' from radio button 'body'.</msg>
<status status="PASS" starttime="20220901 11:30:00.017" endtime="20220901 11:30:00.067"/>
</kw>
<kw name="Wait Until Element Is Enabled" library="RPA.Browser.Selenium">
<arg>${number_legs}</arg>
<doc>Waits until the element ``locator`` is enabled.</doc>
<status status="PASS" starttime="20220901 11:30:00.068" endtime="20220901 11:30:00.085"/>
</kw>
<kw name="Input Text" library="RPA.Browser.Selenium">
<arg>${number_legs}</arg>
<arg>${row}[Legs]</arg>
<doc>Types the given ``text`` into the text field identified by ``locator``.</doc>
<msg timestamp="20220901 11:30:00.085" level="INFO">Typing text '3' into text field 'xpath:/html/body/div/div/div[1]/div/div[1]/form/div[3]/input'.</msg>
<status status="PASS" starttime="20220901 11:30:00.085" endtime="20220901 11:30:00.169"/>
</kw>
<kw name="Wait Until Element Is Enabled" library="RPA.Browser.Selenium">
<arg>${shipping_addres}</arg>
<doc>Waits until the element ``locator`` is enabled.</doc>
<status status="PASS" starttime="20220901 11:30:00.170" endtime="20220901 11:30:00.202"/>
</kw>
<kw name="Input Text" library="RPA.Browser.Selenium">
<arg>${shipping_addres}</arg>
<arg>${row}[Address]</arg>
<doc>Types the given ``text`` into the text field identified by ``locator``.</doc>
<msg timestamp="20220901 11:30:00.203" level="INFO">Typing text 'Address 123' into text field '//*[@id="address"]'.</msg>
<status status="PASS" starttime="20220901 11:30:00.203" endtime="20220901 11:30:00.272"/>
</kw>
<status status="PASS" starttime="20220901 11:29:59.873" endtime="20220901 11:30:00.273"/>
</kw>
<kw name="Wait Until Keyword Succeeds" library="BuiltIn">
<arg>10x</arg>
<arg>2s</arg>
<arg>Preview the robot</arg>
<doc>Runs the specified keyword and retries if it fails.</doc>
<kw name="Preview the robot">
<kw name="Set Local Variable" library="BuiltIn">
<arg>${button_preview}</arg>
<arg>//*[@id="preview"]</arg>
<doc>Makes a variable available everywhere within the local scope.</doc>
<msg timestamp="20220901 11:30:00.279" level="INFO">${button_preview} = //*[@id="preview"]</msg>
<status status="PASS" starttime="20220901 11:30:00.277" endtime="20220901 11:30:00.279"/>
</kw>
<kw name="Set Local Variable" library="BuiltIn">
<arg>${preview_image}</arg>
<arg>//*[@id="robot-preview-image"]</arg>
<doc>Makes a variable available everywhere within the local scope.</doc>
<msg timestamp="20220901 11:30:00.281" level="INFO">${preview_image} = //*[@id="robot-preview-image"]</msg>
<status status="PASS" starttime="20220901 11:30:00.280" endtime="20220901 11:30:00.281"/>
</kw>
<kw name="Click Button" library="RPA.Browser.Selenium">
<arg>${button_preview}</arg>
<doc>Clicks the button identified by ``locator``.</doc>
<msg timestamp="20220901 11:30:00.283" level="INFO">Clicking button '//*[@id="preview"]'.</msg>
<status status="PASS" starttime="20220901 11:30:00.281" endtime="20220901 11:30:00.336"/>
</kw>
<kw name="Wait Until Element Is Visible" library="RPA.Browser.Selenium">
<arg>${preview_image}</arg>
<doc>Waits until the element ``locator`` is visible.</doc>
<status status="PASS" starttime="20220901 11:30:00.336" endtime="20220901 11:30:00.358"/>
</kw>
<status status="PASS" starttime="20220901 11:30:00.276" endtime="20220901 11:30:00.359"/>
</kw>
<status status="PASS" starttime="20220901 11:30:00.273" endtime="20220901 11:30:00.359"/>
</kw>
<kw name="Wait Until Keyword Succeeds" library="BuiltIn">
<arg>10x</arg>
<arg>2s</arg>
<arg>Submit the order</arg>
<doc>Runs the specified keyword and retries if it fails.</doc>
<kw name="Submit the order">
<kw name="Set Local Variable" library="BuiltIn">
<arg>${button_order}</arg>
<arg>//*[@id="order"]</arg>
<doc>Makes a variable available everywhere within the local scope.</doc>
<msg timestamp="20220901 11:30:00.362" level="INFO">${button_order} = //*[@id="order"]</msg>
<status status="PASS" starttime="20220901 11:30:00.360" endtime="20220901 11:30:00.362"/>
</kw>
<kw name="Set Local Variable" library="BuiltIn">
<arg>${order_receipt}</arg>
<arg>//*[@id="receipt"]</arg>
<doc>Makes a variable available everywhere within the local scope.</doc>
<msg timestamp="20220901 11:30:00.364" level="INFO">${order_receipt} = //*[@id="receipt"]</msg>
<status status="PASS" starttime="20220901 11:30:00.363" endtime="20220901 11:30:00.364"/>
</kw>
<kw name="Mute Run On Failure" library="RPA.RobotLogListener">
<arg>Page Should Contain Element</arg>
<doc>Set keywords which should not execute `SeleniumLibrary`
default behaviour of running keyword on failure.</doc>
<kw name="Get Library Instance" library="BuiltIn">
<arg>RPA.Browser</arg>
<doc>Returns the currently active instance of the specified library.</doc>
<msg timestamp="20220901 11:30:00.365" level="FAIL">No library 'RPA.Browser' found.</msg>
<status status="FAIL" starttime="20220901 11:30:00.365" endtime="20220901 11:30:00.369"/>
</kw>
<kw name="Get Library Instance" library="BuiltIn">
<arg>RPA.Browser.Selenium</arg>
<doc>Returns the currently active instance of the specified library.</doc>
<status status="PASS" starttime="20220901 11:30:00.369" endtime="20220901 11:30:00.369"/>
</kw>
<status status="PASS" starttime="20220901 11:30:00.364" endtime="20220901 11:30:00.370"/>
</kw>
<kw name="Click Button" library="RPA.Browser.Selenium">
<arg>${button_order}</arg>
<doc>Clicks the button identified by ``locator``.</doc>
<msg timestamp="20220901 11:30:00.370" level="INFO">Clicking button '//*[@id="order"]'.</msg>
<status status="PASS" starttime="20220901 11:30:00.370" endtime="20220901 11:30:00.418"/>
</kw>
<kw name="Page Should Contain Element" library="RPA.Browser.Selenium">
<arg>${order_receipt}</arg>
<doc>Verifies that element ``locator`` is found on the current page.</doc>
<msg timestamp="20220901 11:30:00.418" level="INFO">No keyword will be run on failure.</msg>
<msg timestamp="20220901 11:30:00.434" level="FAIL">Page should have contained element '//*[@id="receipt"]' but did not.</msg>
<msg timestamp="20220901 11:30:00.437" level="INFO">Capture Page Screenshot will be run on failure.</msg>
<status status="FAIL" starttime="20220901 11:30:00.418" endtime="20220901 11:30:00.437"/>
</kw>
<status status="FAIL" starttime="20220901 11:30:00.360" endtime="20220901 11:30:00.437"/>
</kw>
<kw name="Submit the order">
<kw name="Set Local Variable" library="BuiltIn">
<arg>${button_order}</arg>
<arg>//*[@id="order"]</arg>
<doc>Makes a variable available everywhere within the local scope.</doc>
<msg timestamp="20220901 11:30:02.446" level="INFO">${button_order} = //*[@id="order"]</msg>
<status status="PASS" starttime="20220901 11:30:02.444" endtime="20220901 11:30:02.446"/>
</kw>
<kw name="Set Local Variable" library="BuiltIn">
<arg>${order_receipt}</arg>
<arg>//*[@id="receipt"]</arg>
<doc>Makes a variable available everywhere within the local scope.</doc>
<msg timestamp="20220901 11:30:02.447" level="INFO">${order_receipt} = //*[@id="receipt"]</msg>
<status status="PASS" starttime="20220901 11:30:02.446" endtime="20220901 11:30:02.447"/>
</kw>
<kw name="Mute Run On Failure" library="RPA.RobotLogListener">
<arg>Page Should Contain Element</arg>
<doc>Set keywords which should not execute `SeleniumLibrary`
default behaviour of running keyword on failure.</doc>
<kw name="Get Library Instance" library="BuiltIn">
<arg>RPA.Browser</arg>
<doc>Returns the currently active instance of the specified library.</doc>
<msg timestamp="20220901 11:30:02.448" level="FAIL">No library 'RPA.Browser' found.</msg>
<status status="FAIL" starttime="20220901 11:30:02.448" endtime="20220901 11:30:02.448"/>
</kw>
<kw name="Get Library Instance" library="BuiltIn">
<arg>RPA.Browser.Selenium</arg>
<doc>Returns the currently active instance of the specified library.</doc>
<status status="PASS" starttime="20220901 11:30:02.449" endtime="20220901 11:30:02.449"/>
</kw>
<status status="PASS" starttime="20220901 11:30:02.447" endtime="20220901 11:30:02.449"/>
</kw>
<kw name="Click Button" library="RPA.Browser.Selenium">
<arg>${button_order}</arg>
<doc>Clicks the button identified by ``locator``.</doc>
<msg timestamp="20220901 11:30:02.450" level="INFO">Clicking button '//*[@id="order"]'.</msg>
<status status="PASS" starttime="20220901 11:30:02.449" endtime="20220901 11:30:02.487"/>
</kw>
<kw name="Page Should Contain Element" library="RPA.Browser.Selenium">
<arg>${order_receipt}</arg>
<doc>Verifies that element ``locator`` is found on the current page.</doc>
<msg timestamp="20220901 11:30:02.487" level="INFO">No keyword will be run on failure.</msg>
<msg timestamp="20220901 11:30:02.488" level="INFO">No keyword will be run on failure.</msg>
<msg timestamp="20220901 11:30:02.500" level="FAIL">Page should have contained element '//*[@id="receipt"]' but did not.</msg>
<status status="FAIL" starttime="20220901 11:30:02.487" endtime="20220901 11:30:02.500"/>
</kw>
<status status="FAIL" starttime="20220901 11:30:02.444" endtime="20220901 11:30:02.501"/>
</kw>
<kw name="Submit the order">
<kw name="Set Local Variable" library="BuiltIn">
<arg>${button_order}</arg>
<arg>//*[@id="order"]</arg>
<doc>Makes a variable available everywhere within the local scope.</doc>
<msg timestamp="20220901 11:30:04.513" level="INFO">${button_order} = //*[@id="order"]</msg>
<status status="PASS" starttime="20220901 11:30:04.512" endtime="20220901 11:30:04.513"/>
</kw>
<kw name="Set Local Variable" library="BuiltIn">
<arg>${order_receipt}</arg>
<arg>//*[@id="receipt"]</arg>
<doc>Makes a variable available everywhere within the local scope.</doc>
<msg timestamp="20220901 11:30:04.514" level="INFO">${order_receipt} = //*[@id="receipt"]</msg>
<status status="PASS" starttime="20220901 11:30:04.513" endtime="20220901 11:30:04.514"/>
</kw>
<kw name="Mute Run On Failure" library="RPA.RobotLogListener">
<arg>Page Should Contain Element</arg>
<doc>Set keywords which should not execute `SeleniumLibrary`
default behaviour of running keyword on failure.</doc>
<kw name="Get Library Instance" library="BuiltIn">
<arg>RPA.Browser</arg>
<doc>Returns the currently active instance of the specified library.</doc>
<msg timestamp="20220901 11:30:04.515" level="FAIL">No library 'RPA.Browser' found.</msg>
<status status="FAIL" starttime="20220901 11:30:04.515" endtime="20220901 11:30:04.515"/>
</kw>
<kw name="Get Library Instance" library="BuiltIn">
<arg>RPA.Browser.Selenium</arg>
<doc>Returns the currently active instance of the specified library.</doc>
<status status="PASS" starttime="20220901 11:30:04.516" endtime="20220901 11:30:04.516"/>
</kw>
<status status="PASS" starttime="20220901 11:30:04.514" endtime="20220901 11:30:04.516"/>
</kw>
<kw name="Click Button" library="RPA.Browser.Selenium">
<arg>${button_order}</arg>
<doc>Clicks the button identified by ``locator``.</doc>
<msg timestamp="20220901 11:30:04.516" level="INFO">Clicking button '//*[@id="order"]'.</msg>
<status status="PASS" starttime="20220901 11:30:04.516" endtime="20220901 11:30:04.563"/>
</kw>
<kw name="Page Should Contain Element" library="RPA.Browser.Selenium">
<arg>${order_receipt}</arg>
<doc>Verifies that element ``locator`` is found on the current page.</doc>
<msg timestamp="20220901 11:30:04.563" level="INFO">No keyword will be run on failure.</msg>
<msg timestamp="20220901 11:30:04.563" level="INFO">No keyword will be run on failure.</msg>
<msg timestamp="20220901 11:30:04.563" level="INFO">No keyword will be run on failure.</msg>
<msg timestamp="20220901 11:30:04.571" level="INFO">Current page contains element '//*[@id="receipt"]'.</msg>
<status status="PASS" starttime="20220901 11:30:04.563" endtime="20220901 11:30:04.571"/>
</kw>
<status status="PASS" starttime="20220901 11:30:04.511" endtime="20220901 11:30:04.571"/>
</kw>
<status status="PASS" starttime="20220901 11:30:00.359" endtime="20220901 11:30:04.571"/>
</kw>
<kw name="Take a screenshot of the robot">
<var>${order_id}</var>
<var>${screenshot}</var>
<kw name="Set Local Variable" library="BuiltIn">
<arg>${preview_image}</arg>
<arg>//*[@id="robot-preview-image"]</arg>
<doc>Makes a variable available everywhere within the local scope.</doc>
<msg timestamp="20220901 11:30:04.573" level="INFO">${preview_image} = //*[@id="robot-preview-image"]</msg>
<status status="PASS" starttime="20220901 11:30:04.572" endtime="20220901 11:30:04.573"/>
</kw>
<kw name="Set Local Variable" library="BuiltIn">
<arg>${orderid}</arg>
<arg>xpath://html/body/div/div/div[1]/div/div[1]/div/div/p[1]</arg>
<doc>Makes a variable available everywhere within the local scope.</doc>
<msg timestamp="20220901 11:30:04.574" level="INFO">${orderid} = xpath://html/body/div/div/div[1]/div/div[1]/div/div/p[1]</msg>
<status status="PASS" starttime="20220901 11:30:04.573" endtime="20220901 11:30:04.574"/>
</kw>
<kw name="Wait Until Element Is Visible" library="RPA.Browser.Selenium">
<arg>${preview_image}</arg>
<doc>Waits until the element ``locator`` is visible.</doc>
<status status="PASS" starttime="20220901 11:30:04.575" endtime="20220901 11:30:04.589"/>
</kw>
<kw name="Wait Until Element Is Visible" library="RPA.Browser.Selenium">
<arg>${orderid}</arg>
<doc>Waits until the element ``locator`` is visible.</doc>
<status status="PASS" starttime="20220901 11:30:04.590" endtime="20220901 11:30:04.605"/>
</kw>
<kw name="Get Text" library="RPA.Browser.Selenium">
<var>${orderid}</var>
<arg>//*[@id="receipt"]/p[1]</arg>
<doc>Returns the text value of the element identified by ``locator``.</doc>
<msg timestamp="20220901 11:30:04.626" level="INFO">${orderid} = RSB-ROBO-ORDER-C5VGPBN8O6</msg>
<status status="PASS" starttime="20220901 11:30:04.606" endtime="20220901 11:30:04.626"/>
</kw>
<kw name="Set Local Variable" library="BuiltIn">
<arg>${img_file}</arg>
<arg>${image_folder}${/}${orderid}.png</arg>
<doc>Makes a variable available everywhere within the local scope.</doc>
<msg timestamp="20220901 11:30:04.628" level="INFO">${img_file} = i:\Codeo\Python\Robocorp\Fill Robot Order\imagesFiles\RSB-ROBO-ORDER-C5VGPBN8O6.png</msg>
<status status="PASS" starttime="20220901 11:30:04.626" endtime="20220901 11:30:04.628"/>
</kw>
<kw name="Sleep" library="BuiltIn">
<arg>1sec</arg>
<doc>Pauses the test executed for the given time.</doc>
<msg timestamp="20220901 11:30:05.635" level="INFO">Slept 1 second</msg>
<status status="PASS" starttime="20220901 11:30:04.628" endtime="20220901 11:30:05.635"/>
</kw>
<kw name="Log To Console" library="BuiltIn">
<arg>Capturing Screenshot to ${img_file}</arg>
<doc>Logs the given message to the console.</doc>
<status status="PASS" starttime="20220901 11:30:05.635" endtime="20220901 11:30:05.636"/>
</kw>
<kw name="Capture Element Screenshot" library="RPA.Browser.Selenium">
<arg>${preview_image}</arg>
<arg>${img_file}</arg>
<doc>Captures a screenshot from the element identified by ``locator`` and embeds it into log file.</doc>
<msg timestamp="20220901 11:30:05.762" level="INFO" html="true">&lt;/td&gt;&lt;/tr&gt;&lt;tr&gt;&lt;td colspan="3"&gt;&lt;a href="file:///I:/Codeo/Python/Robocorp/Fill%20Robot%20Order/imagesFiles/RSB-ROBO-ORDER-C5VGPBN8O6.png"&gt;&lt;img src="file:///I:/Codeo/Python/Robocorp/Fill%20Robot%20Order/imagesFiles/RSB-ROBO-ORDER-C5VGPBN8O6.png" width="400px"&gt;&lt;/a&gt;</msg>
<status status="PASS" starttime="20220901 11:30:05.637" endtime="20220901 11:30:05.763"/>
</kw>
<msg timestamp="20220901 11:30:05.763" level="INFO">${order_id} = RSB-ROBO-ORDER-C5VGPBN8O6</msg>
<msg timestamp="20220901 11:30:05.763" level="INFO">${screenshot} = i:\Codeo\Python\Robocorp\Fill Robot Order\imagesFiles\RSB-ROBO-ORDER-C5VGPBN8O6.png</msg>
<status status="PASS" starttime="20220901 11:30:04.571" endtime="20220901 11:30:05.763"/>
</kw>
<kw name="Store the receipt as a PDF file">
<var>${pdf}</var>
<arg>ORDER_Number=${order_id}</arg>
<kw name="Wait Until Element Is Visible" library="RPA.Browser.Selenium">
<arg>//*[@id="receipt"]</arg>
<doc>Waits until the element ``locator`` is visible.</doc>
<status status="PASS" starttime="20220901 11:30:05.764" endtime="20220901 11:30:05.779"/>
</kw>
<kw name="Log To Console" library="BuiltIn">
<arg>Printing ${ORDER_Number}</arg>
<doc>Logs the given message to the console.</doc>
<status status="PASS" starttime="20220901 11:30:05.779" endtime="20220901 11:30:05.780"/>
</kw>
<kw name="Get Element Attribute" library="RPA.Browser.Selenium">
<var>${order_receipt}</var>
<arg>//*[@id="receipt"]</arg>
<arg>outerHTML</arg>
<doc>Returns the value of ``attribute`` from the element ``locator``.</doc>
<msg timestamp="20220901 11:30:05.791" level="INFO">${order_receipt} = &lt;div id="receipt" class="alert alert-success" role="alert"&gt;&lt;h3&gt;Receipt&lt;/h3&gt;&lt;div&gt;2022-09-01T14:30:04.550Z&lt;/div&gt;&lt;p class="badge badge-success"&gt;RSB-ROBO-ORDER-C5VGPBN8O6&lt;/p&gt;&lt;p&gt;Address 123&lt;/p&gt;&lt;div id="par...</msg>
<status status="PASS" starttime="20220901 11:30:05.781" endtime="20220901 11:30:05.791"/>
</kw>
<kw name="Set Local Variable" library="BuiltIn">
<arg>${pdf_filename}</arg>
<arg>${pdf_folder}${/}${ORDER_Number}.pdf</arg>
<doc>Makes a variable available everywhere within the local scope.</doc>
<msg timestamp="20220901 11:30:05.793" level="INFO">${pdf_filename} = i:\Codeo\Python\Robocorp\Fill Robot Order\pdfFiles\RSB-ROBO-ORDER-C5VGPBN8O6.pdf</msg>
<status status="PASS" starttime="20220901 11:30:05.792" endtime="20220901 11:30:05.793"/>
</kw>
<kw name="Html To Pdf" library="RPA.PDF">
<arg>content=${order_receipt}</arg>
<arg>output_path=${pdf_filename}</arg>
<doc>Generate a PDF file from HTML content.</doc>
<msg timestamp="20220901 11:30:05.795" level="INFO">Writing output to file I:\Codeo\Python\Robocorp\Fill Robot Order\pdfFiles\RSB-ROBO-ORDER-C5VGPBN8O6.pdf</msg>
<status status="PASS" starttime="20220901 11:30:05.794" endtime="20220901 11:30:05.956"/>
</kw>
<msg timestamp="20220901 11:30:05.957" level="INFO">${pdf} = i:\Codeo\Python\Robocorp\Fill Robot Order\pdfFiles\RSB-ROBO-ORDER-C5VGPBN8O6.pdf</msg>
<status status="PASS" starttime="20220901 11:30:05.764" endtime="20220901 11:30:05.957"/>
</kw>
<kw name="Embed the robot screenshot to the receipt PDF file">
<arg>${screenshot}</arg>
<arg>${pdf}</arg>
<kw name="Log To Console" library="BuiltIn">
<arg>Printing Embedding image ${image} in pdf file ${pdf}</arg>
<doc>Logs the given message to the console.</doc>
<status status="PASS" starttime="20220901 11:30:05.958" endtime="20220901 11:30:05.959"/>
</kw>
<kw name="Create List" library="BuiltIn">
<var>@{myfiles}</var>
<arg>${image}:x=0,y=0</arg>
<doc>Returns a list containing given items.</doc>
<msg timestamp="20220901 11:30:05.959" level="INFO">@{myfiles} = [ i:\Codeo\Python\Robocorp\Fill Robot Order\imagesFiles\RSB-ROBO-ORDER-C5VGPBN8O6.png:x=0,y=0 ]</msg>
<status status="PASS" starttime="20220901 11:30:05.959" endtime="20220901 11:30:05.959"/>
</kw>
<kw name="Add Files To Pdf" library="RPA.PDF">
<arg>${myfiles}</arg>
<arg>${pdf}</arg>
<arg>${True}</arg>
<doc>Add images and/or pdfs to new PDF document</doc>
<msg timestamp="20220901 11:30:05.986" level="INFO">Adding page: 0</msg>
<msg timestamp="20220901 11:30:05.990" level="INFO">File i:\Codeo\Python\Robocorp\Fill Robot Order\imagesFiles\RSB-ROBO-ORDER-C5VGPBN8O6.png type: png</msg>
<msg timestamp="20220901 11:30:05.991" level="INFO">Image parameters: {'x': '0', 'y': '0'}</msg>
<status status="PASS" starttime="20220901 11:30:05.960" endtime="20220901 11:30:06.120"/>
</kw>
<status status="PASS" starttime="20220901 11:30:05.957" endtime="20220901 11:30:06.121"/>
</kw>
<kw name="Go to order another robot">
<kw name="Set Local Variable" library="BuiltIn">
<arg>${order_another_bot}</arg>
<arg>//*[@id="order-another"]</arg>
<doc>Makes a variable available everywhere within the local scope.</doc>
<msg timestamp="20220901 11:30:06.123" level="INFO">${order_another_bot} = //*[@id="order-another"]</msg>
<status status="PASS" starttime="20220901 11:30:06.122" endtime="20220901 11:30:06.123"/>
</kw>
<kw name="Wait Until Element Is Visible" library="RPA.Browser.Selenium">
<arg>${order_another_bot}</arg>
<doc>Waits until the element ``locator`` is visible.</doc>
<status status="PASS" starttime="20220901 11:30:06.123" endtime="20220901 11:30:06.141"/>
</kw>
<kw name="Click Button" library="RPA.Browser.Selenium">
<arg>${order_another_bot}</arg>
<doc>Clicks the button identified by ``locator``.</doc>
<msg timestamp="20220901 11:30:06.142" level="INFO">Clicking button '//*[@id="order-another"]'.</msg>
<status status="PASS" starttime="20220901 11:30:06.141" endtime="20220901 11:30:06.326"/>
</kw>
<status status="PASS" starttime="20220901 11:30:06.121" endtime="20220901 11:30:06.327"/>
</kw>
<status status="PASS" starttime="20220901 11:29:59.797" endtime="20220901 11:30:06.327"/>
</iter>
<iter>
<var name="${row}">{'Order number': '2', 'Head': '4', 'Body': '1', 'Legs': '5', 'Address': 'Address 456'}</var>
<kw name="Close the annoying modal">
<kw name="Click Button" library="RPA.Browser.Selenium">
<arg>OK</arg>
<doc>Clicks the button identified by ``locator``.</doc>
<msg timestamp="20220901 11:30:06.329" level="INFO">Clicking button 'OK'.</msg>
<status status="PASS" starttime="20220901 11:30:06.329" endtime="20220901 11:30:06.372"/>
</kw>
<status status="PASS" starttime="20220901 11:30:06.328" endtime="20220901 11:30:06.373"/>
</kw>
<kw name="Fill the form">
<arg>${row}</arg>
<kw name="Set Local Variable" library="BuiltIn">
<arg>${choose_head}</arg>
<arg>//*[@id="head"]</arg>
<doc>Makes a variable available everywhere within the local scope.</doc>
<msg timestamp="20220901 11:30:06.374" level="INFO">${choose_head} = //*[@id="head"]</msg>
<status status="PASS" starttime="20220901 11:30:06.373" endtime="20220901 11:30:06.374"/>
</kw>
<kw name="Set Local Variable" library="BuiltIn">
<arg>${choose_body}</arg>
<arg>body</arg>
<doc>Makes a variable available everywhere within the local scope.</doc>
<msg timestamp="20220901 11:30:06.375" level="INFO">${choose_body} = body</msg>
<status status="PASS" starttime="20220901 11:30:06.375" endtime="20220901 11:30:06.375"/>
</kw>
<kw name="Set Local Variable" library="BuiltIn">
<arg>${number_legs}</arg>
<arg>xpath:/html/body/div/div/div[1]/div/div[1]/form/div[3]/input</arg>
<doc>Makes a variable available everywhere within the local scope.</doc>
<msg timestamp="20220901 11:30:06.377" level="INFO">${number_legs} = xpath:/html/body/div/div/div[1]/div/div[1]/form/div[3]/input</msg>
<status status="PASS" starttime="20220901 11:30:06.376" endtime="20220901 11:30:06.377"/>
</kw>
<kw name="Set Local Variable" library="BuiltIn">
<arg>${shipping_addres}</arg>
<arg>//*[@id="address"]</arg>
<doc>Makes a variable available everywhere within the local scope.</doc>
<msg timestamp="20220901 11:30:06.379" level="INFO">${shipping_addres} = //*[@id="address"]</msg>
<status status="PASS" starttime="20220901 11:30:06.377" endtime="20220901 11:30:06.380"/>
</kw>
<kw name="Wait Until Element Is Visible" library="RPA.Browser.Selenium">
<arg>${choose_head}</arg>
<doc>Waits until the element ``locator`` is visible.</doc>
<status status="PASS" starttime="20220901 11:30:06.380" endtime="20220901 11:30:06.395"/>
</kw>
<kw name="Wait Until Element Is Enabled" library="RPA.Browser.Selenium">
<arg>${choose_head}</arg>
<doc>Waits until the element ``locator`` is enabled.</doc>
<status status="PASS" starttime="20220901 11:30:06.395" endtime="20220901 11:30:06.413"/>
</kw>
<kw name="Select From List By Value" library="RPA.Browser.Selenium">
<arg>${choose_head}</arg>
<arg>${row}[Head]</arg>
<doc>Selects options from selection list ``locator`` by ``values``.</doc>
<msg timestamp="20220901 11:30:06.414" level="INFO">Selecting options from selection list '//*[@id="head"]' by value 4.</msg>
<status status="PASS" starttime="20220901 11:30:06.414" endtime="20220901 11:30:06.461"/>
</kw>
<kw name="Wait Until Element Is Enabled" library="RPA.Browser.Selenium">
<arg>${choose_body}</arg>
<doc>Waits until the element ``locator`` is enabled.</doc>
<status status="PASS" starttime="20220901 11:30:06.462" endtime="20220901 11:30:06.483"/>
</kw>
<kw name="Select Radio Button" library="RPA.Browser.Selenium">
<arg>${choose_body}</arg>
<arg>${row}[Body]</arg>
<doc>Sets the radio button group ``group_name`` to ``value``.</doc>
<msg timestamp="20220901 11:30:06.483" level="INFO">Selecting '1' from radio button 'body'.</msg>
<status status="PASS" starttime="20220901 11:30:06.483" endtime="20220901 11:30:06.535"/>
</kw>
<kw name="Wait Until Element Is Enabled" library="RPA.Browser.Selenium">
<arg>${number_legs}</arg>
<doc>Waits until the element ``locator`` is enabled.</doc>
<status status="PASS" starttime="20220901 11:30:06.535" endtime="20220901 11:30:06.553"/>
</kw>
<kw name="Input Text" library="RPA.Browser.Selenium">
<arg>${number_legs}</arg>
<arg>${row}[Legs]</arg>
<doc>Types the given ``text`` into the text field identified by ``locator``.</doc>
<msg timestamp="20220901 11:30:06.554" level="INFO">Typing text '5' into text field 'xpath:/html/body/div/div/div[1]/div/div[1]/form/div[3]/input'.</msg>
<status status="PASS" starttime="20220901 11:30:06.553" endtime="20220901 11:30:06.624"/>
</kw>
<kw name="Wait Until Element Is Enabled" library="RPA.Browser.Selenium">
<arg>${shipping_addres}</arg>
<doc>Waits until the element ``locator`` is enabled.</doc>
<status status="PASS" starttime="20220901 11:30:06.624" endtime="20220901 11:30:06.642"/>
</kw>
<kw name="Input Text" library="RPA.Browser.Selenium">
<arg>${shipping_addres}</arg>
<arg>${row}[Address]</arg>
<doc>Types the given ``text`` into the text field identified by ``locator``.</doc>
<msg timestamp="20220901 11:30:06.644" level="INFO">Typing text 'Address 456' into text field '//*[@id="address"]'.</msg>
<status status="PASS" starttime="20220901 11:30:06.643" endtime="20220901 11:30:06.716"/>
</kw>
<status status="PASS" starttime="20220901 11:30:06.373" endtime="20220901 11:30:06.717"/>
</kw>
<kw name="Wait Until Keyword Succeeds" library="BuiltIn">
<arg>10x</arg>
<arg>2s</arg>
<arg>Preview the robot</arg>
<doc>Runs the specified keyword and retries if it fails.</doc>
<kw name="Preview the robot">
<kw name="Set Local Variable" library="BuiltIn">
<arg>${button_preview}</arg>
<arg>//*[@id="preview"]</arg>
<doc>Makes a variable available everywhere within the local scope.</doc>
<msg timestamp="20220901 11:30:06.719" level="INFO">${button_preview} = //*[@id="preview"]</msg>
<status status="PASS" starttime="20220901 11:30:06.718" endtime="20220901 11:30:06.719"/>
</kw>
<kw name="Set Local Variable" library="BuiltIn">
<arg>${preview_image}</arg>
<arg>//*[@id="robot-preview-image"]</arg>
<doc>Makes a variable available everywhere within the local scope.</doc>
<msg timestamp="20220901 11:30:06.720" level="INFO">${preview_image} = //*[@id="robot-preview-image"]</msg>
<status status="PASS" starttime="20220901 11:30:06.719" endtime="20220901 11:30:06.720"/>
</kw>
<kw name="Click Button" library="RPA.Browser.Selenium">
<arg>${button_preview}</arg>
<doc>Clicks the button identified by ``locator``.</doc>
<msg timestamp="20220901 11:30:06.721" level="INFO">Clicking button '//*[@id="preview"]'.</msg>
<status status="PASS" starttime="20220901 11:30:06.720" endtime="20220901 11:30:06.771"/>
</kw>
<kw name="Wait Until Element Is Visible" library="RPA.Browser.Selenium">
<arg>${preview_image}</arg>
<doc>Waits until the element ``locator`` is visible.</doc>
<status status="PASS" starttime="20220901 11:30:06.772" endtime="20220901 11:30:06.789"/>
</kw>
<status status="PASS" starttime="20220901 11:30:06.717" endtime="20220901 11:30:06.789"/>
</kw>
<status status="PASS" starttime="20220901 11:30:06.717" endtime="20220901 11:30:06.789"/>
</kw>
<kw name="Wait Until Keyword Succeeds" library="BuiltIn">
<arg>10x</arg>
<arg>2s</arg>
<arg>Submit the order</arg>
<doc>Runs the specified keyword and retries if it fails.</doc>
<kw name="Submit the order">
<kw name="Set Local Variable" library="BuiltIn">
<arg>${button_order}</arg>
<arg>//*[@id="order"]</arg>
<doc>Makes a variable available everywhere within the local scope.</doc>
<msg timestamp="20220901 11:30:06.792" level="INFO">${button_order} = //*[@id="order"]</msg>
<status status="PASS" starttime="20220901 11:30:06.791" endtime="20220901 11:30:06.792"/>
</kw>
<kw name="Set Local Variable" library="BuiltIn">
<arg>${order_receipt}</arg>
<arg>//*[@id="receipt"]</arg>
<doc>Makes a variable available everywhere within the local scope.</doc>
<msg timestamp="20220901 11:30:06.793" level="INFO">${order_receipt} = //*[@id="receipt"]</msg>
<status status="PASS" starttime="20220901 11:30:06.792" endtime="20220901 11:30:06.793"/>
</kw>
<kw name="Mute Run On Failure" library="RPA.RobotLogListener">
<arg>Page Should Contain Element</arg>
<doc>Set keywords which should not execute `SeleniumLibrary`
default behaviour of running keyword on failure.</doc>
<kw name="Get Library Instance" library="BuiltIn">
<arg>RPA.Browser</arg>
<doc>Returns the currently active instance of the specified library.</doc>
<msg timestamp="20220901 11:30:06.796" level="FAIL">No library 'RPA.Browser' found.</msg>
<status status="FAIL" starttime="20220901 11:30:06.794" endtime="20220901 11:30:06.796"/>
</kw>
<kw name="Get Library Instance" library="BuiltIn">
<arg>RPA.Browser.Selenium</arg>
<doc>Returns the currently active instance of the specified library.</doc>
<status status="PASS" starttime="20220901 11:30:06.797" endtime="20220901 11:30:06.798"/>
</kw>
<status status="PASS" starttime="20220901 11:30:06.793" endtime="20220901 11:30:06.798"/>
</kw>
<kw name="Click Button" library="RPA.Browser.Selenium">
<arg>${button_order}</arg>
<doc>Clicks the button identified by ``locator``.</doc>
<msg timestamp="20220901 11:30:06.799" level="INFO">Clicking button '//*[@id="order"]'.</msg>
<status status="PASS" starttime="20220901 11:30:06.798" endtime="20220901 11:30:06.859"/>
</kw>
<kw name="Page Should Contain Element" library="RPA.Browser.Selenium">
<arg>${order_receipt}</arg>
<doc>Verifies that element ``locator`` is found on the current page.</doc>
<msg timestamp="20220901 11:30:06.860" level="INFO">No keyword will be run on failure.</msg>
<msg timestamp="20220901 11:30:06.860" level="INFO">No keyword will be run on failure.</msg>
<msg timestamp="20220901 11:30:06.860" level="INFO">No keyword will be run on failure.</msg>
<msg timestamp="20220901 11:30:06.860" level="INFO">No keyword will be run on failure.</msg>
<msg timestamp="20220901 11:30:06.869" level="INFO">Current page contains element '//*[@id="receipt"]'.</msg>
<status status="PASS" starttime="20220901 11:30:06.859" endtime="20220901 11:30:06.869"/>
</kw>
<status status="PASS" starttime="20220901 11:30:06.790" endtime="20220901 11:30:06.870"/>
</kw>
<status status="PASS" starttime="20220901 11:30:06.790" endtime="20220901 11:30:06.870"/>
</kw>
<kw name="Take a screenshot of the robot">
<var>${order_id}</var>
<var>${screenshot}</var>
<kw name="Set Local Variable" library="BuiltIn">
<arg>${preview_image}</arg>
<arg>//*[@id="robot-preview-image"]</arg>
<doc>Makes a variable available everywhere within the local scope.</doc>
<msg timestamp="20220901 11:30:06.872" level="INFO">${preview_image} = //*[@id="robot-preview-image"]</msg>
<status status="PASS" starttime="20220901 11:30:06.871" endtime="20220901 11:30:06.872"/>
</kw>
<kw name="Set Local Variable" library="BuiltIn">
<arg>${orderid}</arg>
<arg>xpath://html/body/div/div/div[1]/div/div[1]/div/div/p[1]</arg>
<doc>Makes a variable available everywhere within the local scope.</doc>
<msg timestamp="20220901 11:30:06.873" level="INFO">${orderid} = xpath://html/body/div/div/div[1]/div/div[1]/div/div/p[1]</msg>
<status status="PASS" starttime="20220901 11:30:06.872" endtime="20220901 11:30:06.873"/>
</kw>
<kw name="Wait Until Element Is Visible" library="RPA.Browser.Selenium">
<arg>${preview_image}</arg>
<doc>Waits until the element ``locator`` is visible.</doc>
<status status="PASS" starttime="20220901 11:30:06.874" endtime="20220901 11:30:06.889"/>
</kw>
<kw name="Wait Until Element Is Visible" library="RPA.Browser.Selenium">
<arg>${orderid}</arg>
<doc>Waits until the element ``locator`` is visible.</doc>
<status status="PASS" starttime="20220901 11:30:06.890" endtime="20220901 11:30:06.905"/>
</kw>
<kw name="Get Text" library="RPA.Browser.Selenium">
<var>${orderid}</var>
<arg>//*[@id="receipt"]/p[1]</arg>
<doc>Returns the text value of the element identified by ``locator``.</doc>
<msg timestamp="20220901 11:30:06.924" level="INFO">${orderid} = RSB-ROBO-ORDER-OYL11P22VHN</msg>
<status status="PASS" starttime="20220901 11:30:06.905" endtime="20220901 11:30:06.924"/>
</kw>
<kw name="Set Local Variable" library="BuiltIn">
<arg>${img_file}</arg>
<arg>${image_folder}${/}${orderid}.png</arg>
<doc>Makes a variable available everywhere within the local scope.</doc>
<msg timestamp="20220901 11:30:06.925" level="INFO">${img_file} = i:\Codeo\Python\Robocorp\Fill Robot Order\imagesFiles\RSB-ROBO-ORDER-OYL11P22VHN.png</msg>
<status status="PASS" starttime="20220901 11:30:06.924" endtime="20220901 11:30:06.925"/>
</kw>
<kw name="Sleep" library="BuiltIn">
<arg>1sec</arg>
<doc>Pauses the test executed for the given time.</doc>
<msg timestamp="20220901 11:30:07.941" level="INFO">Slept 1 second</msg>
<status status="PASS" starttime="20220901 11:30:06.926" endtime="20220901 11:30:07.941"/>
</kw>
<kw name="Log To Console" library="BuiltIn">
<arg>Capturing Screenshot to ${img_file}</arg>
<doc>Logs the given message to the console.</doc>
<status status="PASS" starttime="20220901 11:30:07.941" endtime="20220901 11:30:07.942"/>
</kw>
<kw name="Capture Element Screenshot" library="RPA.Browser.Selenium">
<arg>${preview_image}</arg>
<arg>${img_file}</arg>
<doc>Captures a screenshot from the element identified by ``locator`` and embeds it into log file.</doc>
<msg timestamp="20220901 11:30:08.040" level="INFO" html="true">&lt;/td&gt;&lt;/tr&gt;&lt;tr&gt;&lt;td colspan="3"&gt;&lt;a href="file:///I:/Codeo/Python/Robocorp/Fill%20Robot%20Order/imagesFiles/RSB-ROBO-ORDER-OYL11P22VHN.png"&gt;&lt;img src="file:///I:/Codeo/Python/Robocorp/Fill%20Robot%20Order/imagesFiles/RSB-ROBO-ORDER-OYL11P22VHN.png" width="400px"&gt;&lt;/a&gt;</msg>
<status status="PASS" starttime="20220901 11:30:07.943" endtime="20220901 11:30:08.040"/>
</kw>
<msg timestamp="20220901 11:30:08.041" level="INFO">${order_id} = RSB-ROBO-ORDER-OYL11P22VHN</msg>
<msg timestamp="20220901 11:30:08.041" level="INFO">${screenshot} = i:\Codeo\Python\Robocorp\Fill Robot Order\imagesFiles\RSB-ROBO-ORDER-OYL11P22VHN.png</msg>
<status status="PASS" starttime="20220901 11:30:06.870" endtime="20220901 11:30:08.041"/>
</kw>
<kw name="Store the receipt as a PDF file">
<var>${pdf}</var>
<arg>ORDER_Number=${order_id}</arg>
<kw name="Wait Until Element Is Visible" library="RPA.Browser.Selenium">
<arg>//*[@id="receipt"]</arg>
<doc>Waits until the element ``locator`` is visible.</doc>
<status status="PASS" starttime="20220901 11:30:08.042" endtime="20220901 11:30:08.058"/>
</kw>
<kw name="Log To Console" library="BuiltIn">
<arg>Printing ${ORDER_Number}</arg>
<doc>Logs the given message to the console.</doc>
<status status="PASS" starttime="20220901 11:30:08.058" endtime="20220901 11:30:08.059"/>
</kw>
<kw name="Get Element Attribute" library="RPA.Browser.Selenium">
<var>${order_receipt}</var>
<arg>//*[@id="receipt"]</arg>
<arg>outerHTML</arg>
<doc>Returns the value of ``attribute`` from the element ``locator``.</doc>
<msg timestamp="20220901 11:30:08.095" level="INFO">${order_receipt} = &lt;div id="receipt" class="alert alert-success" role="alert"&gt;&lt;h3&gt;Receipt&lt;/h3&gt;&lt;div&gt;2022-09-01T14:30:06.854Z&lt;/div&gt;&lt;p class="badge badge-success"&gt;RSB-ROBO-ORDER-OYL11P22VHN&lt;/p&gt;&lt;p&gt;Address 456&lt;/p&gt;&lt;div id="pa...</msg>
<status status="PASS" starttime="20220901 11:30:08.060" endtime="20220901 11:30:08.096"/>
</kw>
<kw name="Set Local Variable" library="BuiltIn">
<arg>${pdf_filename}</arg>
<arg>${pdf_folder}${/}${ORDER_Number}.pdf</arg>
<doc>Makes a variable available everywhere within the local scope.</doc>
<msg timestamp="20220901 11:30:08.097" level="INFO">${pdf_filename} = i:\Codeo\Python\Robocorp\Fill Robot Order\pdfFiles\RSB-ROBO-ORDER-OYL11P22VHN.pdf</msg>
<status status="PASS" starttime="20220901 11:30:08.096" endtime="20220901 11:30:08.098"/>
</kw>
<kw name="Html To Pdf" library="RPA.PDF">
<arg>content=${order_receipt}</arg>
<arg>output_path=${pdf_filename}</arg>
<doc>Generate a PDF file from HTML content.</doc>
<msg timestamp="20220901 11:30:08.099" level="INFO">Writing output to file I:\Codeo\Python\Robocorp\Fill Robot Order\pdfFiles\RSB-ROBO-ORDER-OYL11P22VHN.pdf</msg>
<status status="PASS" starttime="20220901 11:30:08.098" endtime="20220901 11:30:08.223"/>
</kw>
<msg timestamp="20220901 11:30:08.223" level="INFO">${pdf} = i:\Codeo\Python\Robocorp\Fill Robot Order\pdfFiles\RSB-ROBO-ORDER-OYL11P22VHN.pdf</msg>
<status status="PASS" starttime="20220901 11:30:08.041" endtime="20220901 11:30:08.223"/>
</kw>
<kw name="Embed the robot screenshot to the receipt PDF file">
<arg>${screenshot}</arg>
<arg>${pdf}</arg>
<kw name="Log To Console" library="BuiltIn">
<arg>Printing Embedding image ${image} in pdf file ${pdf}</arg>
<doc>Logs the given message to the console.</doc>
<status status="PASS" starttime="20220901 11:30:08.224" endtime="20220901 11:30:08.225"/>
</kw>
<kw name="Create List" library="BuiltIn">
<var>@{myfiles}</var>
<arg>${image}:x=0,y=0</arg>
<doc>Returns a list containing given items.</doc>
<msg timestamp="20220901 11:30:08.226" level="INFO">@{myfiles} = [ i:\Codeo\Python\Robocorp\Fill Robot Order\imagesFiles\RSB-ROBO-ORDER-OYL11P22VHN.png:x=0,y=0 ]</msg>
<status status="PASS" starttime="20220901 11:30:08.225" endtime="20220901 11:30:08.226"/>
</kw>
<kw name="Add Files To Pdf" library="RPA.PDF">
<arg>${myfiles}</arg>
<arg>${pdf}</arg>
<arg>${True}</arg>
<doc>Add images and/or pdfs to new PDF document</doc>
<msg timestamp="20220901 11:30:08.234" level="INFO">Adding page: 0</msg>
<msg timestamp="20220901 11:30:08.239" level="INFO">File i:\Codeo\Python\Robocorp\Fill Robot Order\imagesFiles\RSB-ROBO-ORDER-OYL11P22VHN.png type: png</msg>
<msg timestamp="20220901 11:30:08.239" level="INFO">Image parameters: {'x': '0', 'y': '0'}</msg>
<status status="PASS" starttime="20220901 11:30:08.226" endtime="20220901 11:30:08.287"/>
</kw>
<status status="PASS" starttime="20220901 11:30:08.224" endtime="20220901 11:30:08.288"/>
</kw>
<kw name="Go to order another robot">
<kw name="Set Local Variable" library="BuiltIn">
<arg>${order_another_bot}</arg>
<arg>//*[@id="order-another"]</arg>
<doc>Makes a variable available everywhere within the local scope.</doc>
<msg timestamp="20220901 11:30:08.290" level="INFO">${order_another_bot} = //*[@id="order-another"]</msg>
<status status="PASS" starttime="20220901 11:30:08.289" endtime="20220901 11:30:08.290"/>
</kw>
<kw name="Wait Until Element Is Visible" library="RPA.Browser.Selenium">
<arg>${order_another_bot}</arg>
<doc>Waits until the element ``locator`` is visible.</doc>
<status status="PASS" starttime="20220901 11:30:08.290" endtime="20220901 11:30:08.307"/>
</kw>
<kw name="Click Button" library="RPA.Browser.Selenium">
<arg>${order_another_bot}</arg>
<doc>Clicks the button identified by ``locator``.</doc>
<msg timestamp="20220901 11:30:08.307" level="INFO">Clicking button '//*[@id="order-another"]'.</msg>
<status status="PASS" starttime="20220901 11:30:08.307" endtime="20220901 11:30:08.441"/>
</kw>
<status status="PASS" starttime="20220901 11:30:08.288" endtime="20220901 11:30:08.442"/>
</kw>
<status status="PASS" starttime="20220901 11:30:06.328" endtime="20220901 11:30:08.442"/>
</iter>
<iter>
<var name="${row}">{'Order number': '3', 'Head': '6', 'Body': '2', 'Legs': '3', 'Address': 'Address 789'}</var>
<kw name="Close the annoying modal">
<kw name="Click Button" library="RPA.Browser.Selenium">
<arg>OK</arg>
<doc>Clicks the button identified by ``locator``.</doc>
<msg timestamp="20220901 11:30:08.445" level="INFO">Clicking button 'OK'.</msg>
<status status="PASS" starttime="20220901 11:30:08.444" endtime="20220901 11:30:08.505"/>
</kw>
<status status="PASS" starttime="20220901 11:30:08.443" endtime="20220901 11:30:08.506"/>
</kw>
<kw name="Fill the form">
<arg>${row}</arg>
<kw name="Set Local Variable" library="BuiltIn">
<arg>${choose_head}</arg>
<arg>//*[@id="head"]</arg>
<doc>Makes a variable available everywhere within the local scope.</doc>
<msg timestamp="20220901 11:30:08.508" level="INFO">${choose_head} = //*[@id="head"]</msg>
<status status="PASS" starttime="20220901 11:30:08.507" endtime="20220901 11:30:08.508"/>
</kw>
<kw name="Set Local Variable" library="BuiltIn">
<arg>${choose_body}</arg>
<arg>body</arg>
<doc>Makes a variable available everywhere within the local scope.</doc>
<msg timestamp="20220901 11:30:08.510" level="INFO">${choose_body} = body</msg>
<status status="PASS" starttime="20220901 11:30:08.509" endtime="20220901 11:30:08.510"/>
</kw>
<kw name="Set Local Variable" library="BuiltIn">
<arg>${number_legs}</arg>
<arg>xpath:/html/body/div/div/div[1]/div/div[1]/form/div[3]/input</arg>
<doc>Makes a variable available everywhere within the local scope.</doc>
<msg timestamp="20220901 11:30:08.512" level="INFO">${number_legs} = xpath:/html/body/div/div/div[1]/div/div[1]/form/div[3]/input</msg>
<status status="PASS" starttime="20220901 11:30:08.510" endtime="20220901 11:30:08.513"/>
</kw>
<kw name="Set Local Variable" library="BuiltIn">
<arg>${shipping_addres}</arg>
<arg>//*[@id="address"]</arg>
<doc>Makes a variable available everywhere within the local scope.</doc>
<msg timestamp="20220901 11:30:08.515" level="INFO">${shipping_addres} = //*[@id="address"]</msg>
<status status="PASS" starttime="20220901 11:30:08.513" endtime="20220901 11:30:08.516"/>
</kw>
<kw name="Wait Until Element Is Visible" library="RPA.Browser.Selenium">
<arg>${choose_head}</arg>
<doc>Waits until the element ``locator`` is visible.</doc>
<status status="PASS" starttime="20220901 11:30:08.516" endtime="20220901 11:30:08.536"/>
</kw>
<kw name="Wait Until Element Is Enabled" library="RPA.Browser.Selenium">
<arg>${choose_head}</arg>
<doc>Waits until the element ``locator`` is enabled.</doc>
<status status="PASS" starttime="20220901 11:30:08.536" endtime="20220901 11:30:08.553"/>
</kw>
<kw name="Select From List By Value" library="RPA.Browser.Selenium">
<arg>${choose_head}</arg>
<arg>${row}[Head]</arg>
<doc>Selects options from selection list ``locator`` by ``values``.</doc>
<msg timestamp="20220901 11:30:08.554" level="INFO">Selecting options from selection list '//*[@id="head"]' by value 6.</msg>
<status status="PASS" starttime="20220901 11:30:08.553" endtime="20220901 11:30:08.607"/>
</kw>
<kw name="Wait Until Element Is Enabled" library="RPA.Browser.Selenium">
<arg>${choose_body}</arg>
<doc>Waits until the element ``locator`` is enabled.</doc>
<status status="PASS" starttime="20220901 11:30:08.608" endtime="20220901 11:30:08.624"/>
</kw>
<kw name="Select Radio Button" library="RPA.Browser.Selenium">
<arg>${choose_body}</arg>
<arg>${row}[Body]</arg>
<doc>Sets the radio button group ``group_name`` to ``value``.</doc>
<msg timestamp="20220901 11:30:08.625" level="INFO">Selecting '2' from radio button 'body'.</msg>
<status status="PASS" starttime="20220901 11:30:08.624" endtime="20220901 11:30:08.674"/>
</kw>
<kw name="Wait Until Element Is Enabled" library="RPA.Browser.Selenium">
<arg>${number_legs}</arg>
<doc>Waits until the element ``locator`` is enabled.</doc>
<status status="PASS" starttime="20220901 11:30:08.675" endtime="20220901 11:30:08.692"/>
</kw>
<kw name="Input Text" library="RPA.Browser.Selenium">
<arg>${number_legs}</arg>
<arg>${row}[Legs]</arg>
<doc>Types the given ``text`` into the text field identified by ``locator``.</doc>
<msg timestamp="20220901 11:30:08.693" level="INFO">Typing text '3' into text field 'xpath:/html/body/div/div/div[1]/div/div[1]/form/div[3]/input'.</msg>
<status status="PASS" starttime="20220901 11:30:08.692" endtime="20220901 11:30:08.751"/>
</kw>
<kw name="Wait Until Element Is Enabled" library="RPA.Browser.Selenium">
<arg>${shipping_addres}</arg>
<doc>Waits until the element ``locator`` is enabled.</doc>
<status status="PASS" starttime="20220901 11:30:08.751" endtime="20220901 11:30:08.768"/>
</kw>
<kw name="Input Text" library="RPA.Browser.Selenium">
<arg>${shipping_addres}</arg>
<arg>${row}[Address]</arg>
<doc>Types the given ``text`` into the text field identified by ``locator``.</doc>
<msg timestamp="20220901 11:30:08.769" level="INFO">Typing text 'Address 789' into text field '//*[@id="address"]'.</msg>
<status status="PASS" starttime="20220901 11:30:08.768" endtime="20220901 11:30:08.855"/>
</kw>
<status status="PASS" starttime="20220901 11:30:08.507" endtime="20220901 11:30:08.855"/>
</kw>
<kw name="Wait Until Keyword Succeeds" library="BuiltIn">
<arg>10x</arg>
<arg>2s</arg>
<arg>Preview the robot</arg>
<doc>Runs the specified keyword and retries if it fails.</doc>
<kw name="Preview the robot">
<kw name="Set Local Variable" library="BuiltIn">
<arg>${button_preview}</arg>
<arg>//*[@id="preview"]</arg>
<doc>Makes a variable available everywhere within the local scope.</doc>
<msg timestamp="20220901 11:30:08.857" level="INFO">${button_preview} = //*[@id="preview"]</msg>
<status status="PASS" starttime="20220901 11:30:08.856" endtime="20220901 11:30:08.857"/>
</kw>
<kw name="Set Local Variable" library="BuiltIn">
<arg>${preview_image}</arg>
<arg>//*[@id="robot-preview-image"]</arg>
<doc>Makes a variable available everywhere within the local scope.</doc>
<msg timestamp="20220901 11:30:08.858" level="INFO">${preview_image} = //*[@id="robot-preview-image"]</msg>
<status status="PASS" starttime="20220901 11:30:08.857" endtime="20220901 11:30:08.858"/>
</kw>
<kw name="Click Button" library="RPA.Browser.Selenium">
<arg>${button_preview}</arg>
<doc>Clicks the button identified by ``locator``.</doc>
<msg timestamp="20220901 11:30:08.859" level="INFO">Clicking button '//*[@id="preview"]'.</msg>
<status status="PASS" starttime="20220901 11:30:08.858" endtime="20220901 11:30:08.906"/>
</kw>
<kw name="Wait Until Element Is Visible" library="RPA.Browser.Selenium">
<arg>${preview_image}</arg>
<doc>Waits until the element ``locator`` is visible.</doc>
<status status="PASS" starttime="20220901 11:30:08.906" endtime="20220901 11:30:08.923"/>
</kw>
<status status="PASS" starttime="20220901 11:30:08.856" endtime="20220901 11:30:08.924"/>
</kw>
<status status="PASS" starttime="20220901 11:30:08.855" endtime="20220901 11:30:08.924"/>
</kw>
<kw name="Wait Until Keyword Succeeds" library="BuiltIn">
<arg>10x</arg>
<arg>2s</arg>
<arg>Submit the order</arg>
<doc>Runs the specified keyword and retries if it fails.</doc>
<kw name="Submit the order">
<kw name="Set Local Variable" library="BuiltIn">
<arg>${button_order}</arg>
<arg>//*[@id="order"]</arg>
<doc>Makes a variable available everywhere within the local scope.</doc>
<msg timestamp="20220901 11:30:08.926" level="INFO">${button_order} = //*[@id="order"]</msg>
<status status="PASS" starttime="20220901 11:30:08.925" endtime="20220901 11:30:08.926"/>
</kw>
<kw name="Set Local Variable" library="BuiltIn">
<arg>${order_receipt}</arg>
<arg>//*[@id="receipt"]</arg>
<doc>Makes a variable available everywhere within the local scope.</doc>
<msg timestamp="20220901 11:30:08.929" level="INFO">${order_receipt} = //*[@id="receipt"]</msg>
<status status="PASS" starttime="20220901 11:30:08.927" endtime="20220901 11:30:08.929"/>
</kw>
<kw name="Mute Run On Failure" library="RPA.RobotLogListener">
<arg>Page Should Contain Element</arg>
<doc>Set keywords which should not execute `SeleniumLibrary`
default behaviour of running keyword on failure.</doc>
<kw name="Get Library Instance" library="BuiltIn">
<arg>RPA.Browser</arg>
<doc>Returns the currently active instance of the specified library.</doc>
<msg timestamp="20220901 11:30:08.931" level="FAIL">No library 'RPA.Browser' found.</msg>
<status status="FAIL" starttime="20220901 11:30:08.930" endtime="20220901 11:30:08.931"/>
</kw>
<kw name="Get Library Instance" library="BuiltIn">
<arg>RPA.Browser.Selenium</arg>
<doc>Returns the currently active instance of the specified library.</doc>
<status status="PASS" starttime="20220901 11:30:08.931" endtime="20220901 11:30:08.932"/>
</kw>
<status status="PASS" starttime="20220901 11:30:08.929" endtime="20220901 11:30:08.932"/>
</kw>
<kw name="Click Button" library="RPA.Browser.Selenium">
<arg>${button_order}</arg>
<doc>Clicks the button identified by ``locator``.</doc>
<msg timestamp="20220901 11:30:08.933" level="INFO">Clicking button '//*[@id="order"]'.</msg>
<status status="PASS" starttime="20220901 11:30:08.932" endtime="20220901 11:30:08.979"/>
</kw>
<kw name="Page Should Contain Element" library="RPA.Browser.Selenium">
<arg>${order_receipt}</arg>
<doc>Verifies that element ``locator`` is found on the current page.</doc>
<msg timestamp="20220901 11:30:08.981" level="INFO">No keyword will be run on failure.</msg>
<msg timestamp="20220901 11:30:08.981" level="INFO">No keyword will be run on failure.</msg>
<msg timestamp="20220901 11:30:08.981" level="INFO">No keyword will be run on failure.</msg>
<msg timestamp="20220901 11:30:08.981" level="INFO">No keyword will be run on failure.</msg>
<msg timestamp="20220901 11:30:08.981" level="INFO">No keyword will be run on failure.</msg>
<msg timestamp="20220901 11:30:08.988" level="INFO">Current page contains element '//*[@id="receipt"]'.</msg>
<status status="PASS" starttime="20220901 11:30:08.981" endtime="20220901 11:30:08.988"/>
</kw>
<status status="PASS" starttime="20220901 11:30:08.925" endtime="20220901 11:30:08.988"/>
</kw>
<status status="PASS" starttime="20220901 11:30:08.925" endtime="20220901 11:30:08.988"/>
</kw>
<kw name="Take a screenshot of the robot">
<var>${order_id}</var>
<var>${screenshot}</var>
<kw name="Set Local Variable" library="BuiltIn">
<arg>${preview_image}</arg>
<arg>//*[@id="robot-preview-image"]</arg>
<doc>Makes a variable available everywhere within the local scope.</doc>
<msg timestamp="20220901 11:30:08.990" level="INFO">${preview_image} = //*[@id="robot-preview-image"]</msg>
<status status="PASS" starttime="20220901 11:30:08.989" endtime="20220901 11:30:08.990"/>
</kw>
<kw name="Set Local Variable" library="BuiltIn">
<arg>${orderid}</arg>
<arg>xpath://html/body/div/div/div[1]/div/div[1]/div/div/p[1]</arg>
<doc>Makes a variable available everywhere within the local scope.</doc>
<msg timestamp="20220901 11:30:08.991" level="INFO">${orderid} = xpath://html/body/div/div/div[1]/div/div[1]/div/div/p[1]</msg>
<status status="PASS" starttime="20220901 11:30:08.990" endtime="20220901 11:30:08.991"/>
</kw>
<kw name="Wait Until Element Is Visible" library="RPA.Browser.Selenium">
<arg>${preview_image}</arg>
<doc>Waits until the element ``locator`` is visible.</doc>
<status status="PASS" starttime="20220901 11:30:08.991" endtime="20220901 11:30:09.004"/>
</kw>
<kw name="Wait Until Element Is Visible" library="RPA.Browser.Selenium">
<arg>${orderid}</arg>
<doc>Waits until the element ``locator`` is visible.</doc>
<status status="PASS" starttime="20220901 11:30:09.004" endtime="20220901 11:30:09.017"/>
</kw>
<kw name="Get Text" library="RPA.Browser.Selenium">
<var>${orderid}</var>
<arg>//*[@id="receipt"]/p[1]</arg>
<doc>Returns the text value of the element identified by ``locator``.</doc>
<msg timestamp="20220901 11:30:09.033" level="INFO">${orderid} = RSB-ROBO-ORDER-OD1FSAGTC</msg>
<status status="PASS" starttime="20220901 11:30:09.018" endtime="20220901 11:30:09.034"/>
</kw>
<kw name="Set Local Variable" library="BuiltIn">
<arg>${img_file}</arg>
<arg>${image_folder}${/}${orderid}.png</arg>
<doc>Makes a variable available everywhere within the local scope.</doc>
<msg timestamp="20220901 11:30:09.035" level="INFO">${img_file} = i:\Codeo\Python\Robocorp\Fill Robot Order\imagesFiles\RSB-ROBO-ORDER-OD1FSAGTC.png</msg>
<status status="PASS" starttime="20220901 11:30:09.034" endtime="20220901 11:30:09.036"/>
</kw>
<kw name="Sleep" library="BuiltIn">
<arg>1sec</arg>
<doc>Pauses the test executed for the given time.</doc>
<msg timestamp="20220901 11:30:10.048" level="INFO">Slept 1 second</msg>
<status status="PASS" starttime="20220901 11:30:09.036" endtime="20220901 11:30:10.048"/>
</kw>
<kw name="Log To Console" library="BuiltIn">
<arg>Capturing Screenshot to ${img_file}</arg>
<doc>Logs the given message to the console.</doc>
<status status="PASS" starttime="20220901 11:30:10.048" endtime="20220901 11:30:10.049"/>
</kw>
<kw name="Capture Element Screenshot" library="RPA.Browser.Selenium">
<arg>${preview_image}</arg>
<arg>${img_file}</arg>
<doc>Captures a screenshot from the element identified by ``locator`` and embeds it into log file.</doc>
<msg timestamp="20220901 11:30:10.141" level="INFO" html="true">&lt;/td&gt;&lt;/tr&gt;&lt;tr&gt;&lt;td colspan="3"&gt;&lt;a href="file:///I:/Codeo/Python/Robocorp/Fill%20Robot%20Order/imagesFiles/RSB-ROBO-ORDER-OD1FSAGTC.png"&gt;&lt;img src="file:///I:/Codeo/Python/Robocorp/Fill%20Robot%20Order/imagesFiles/RSB-ROBO-ORDER-OD1FSAGTC.png" width="400px"&gt;&lt;/a&gt;</msg>
<status status="PASS" starttime="20220901 11:30:10.049" endtime="20220901 11:30:10.141"/>
</kw>
<msg timestamp="20220901 11:30:10.141" level="INFO">${order_id} = RSB-ROBO-ORDER-OD1FSAGTC</msg>
<msg timestamp="20220901 11:30:10.142" level="INFO">${screenshot} = i:\Codeo\Python\Robocorp\Fill Robot Order\imagesFiles\RSB-ROBO-ORDER-OD1FSAGTC.png</msg>
<status status="PASS" starttime="20220901 11:30:08.988" endtime="20220901 11:30:10.142"/>
</kw>
<kw name="Store the receipt as a PDF file">
<var>${pdf}</var>
<arg>ORDER_Number=${order_id}</arg>
<kw name="Wait Until Element Is Visible" library="RPA.Browser.Selenium">
<arg>//*[@id="receipt"]</arg>
<doc>Waits until the element ``locator`` is visible.</doc>
<status status="PASS" starttime="20220901 11:30:10.142" endtime="20220901 11:30:10.157"/>
</kw>
<kw name="Log To Console" library="BuiltIn">
<arg>Printing ${ORDER_Number}</arg>
<doc>Logs the given message to the console.</doc>
<status status="PASS" starttime="20220901 11:30:10.157" endtime="20220901 11:30:10.158"/>
</kw>
<kw name="Get Element Attribute" library="RPA.Browser.Selenium">
<var>${order_receipt}</var>
<arg>//*[@id="receipt"]</arg>
<arg>outerHTML</arg>
<doc>Returns the value of ``attribute`` from the element ``locator``.</doc>
<msg timestamp="20220901 11:30:10.170" level="INFO">${order_receipt} = &lt;div id="receipt" class="alert alert-success" role="alert"&gt;&lt;h3&gt;Receipt&lt;/h3&gt;&lt;div&gt;2022-09-01T14:30:08.973Z&lt;/div&gt;&lt;p class="badge badge-success"&gt;RSB-ROBO-ORDER-OD1FSAGTC&lt;/p&gt;&lt;p&gt;Address 789&lt;/p&gt;&lt;div id="part...</msg>
<status status="PASS" starttime="20220901 11:30:10.158" endtime="20220901 11:30:10.170"/>
</kw>
<kw name="Set Local Variable" library="BuiltIn">
<arg>${pdf_filename}</arg>
<arg>${pdf_folder}${/}${ORDER_Number}.pdf</arg>
<doc>Makes a variable available everywhere within the local scope.</doc>
<msg timestamp="20220901 11:30:10.172" level="INFO">${pdf_filename} = i:\Codeo\Python\Robocorp\Fill Robot Order\pdfFiles\RSB-ROBO-ORDER-OD1FSAGTC.pdf</msg>
<status status="PASS" starttime="20220901 11:30:10.170" endtime="20220901 11:30:10.172"/>
</kw>
<kw name="Html To Pdf" library="RPA.PDF">
<arg>content=${order_receipt}</arg>
<arg>output_path=${pdf_filename}</arg>
<doc>Generate a PDF file from HTML content.</doc>
<msg timestamp="20220901 11:30:10.173" level="INFO">Writing output to file I:\Codeo\Python\Robocorp\Fill Robot Order\pdfFiles\RSB-ROBO-ORDER-OD1FSAGTC.pdf</msg>
<status status="PASS" starttime="20220901 11:30:10.172" endtime="20220901 11:30:10.281"/>
</kw>
<msg timestamp="20220901 11:30:10.281" level="INFO">${pdf} = i:\Codeo\Python\Robocorp\Fill Robot Order\pdfFiles\RSB-ROBO-ORDER-OD1FSAGTC.pdf</msg>
<status status="PASS" starttime="20220901 11:30:10.142" endtime="20220901 11:30:10.282"/>
</kw>
<kw name="Embed the robot screenshot to the receipt PDF file">
<arg>${screenshot}</arg>
<arg>${pdf}</arg>
<kw name="Log To Console" library="BuiltIn">
<arg>Printing Embedding image ${image} in pdf file ${pdf}</arg>
<doc>Logs the given message to the console.</doc>
<status status="PASS" starttime="20220901 11:30:10.283" endtime="20220901 11:30:10.283"/>
</kw>
<kw name="Create List" library="BuiltIn">
<var>@{myfiles}</var>
<arg>${image}:x=0,y=0</arg>
<doc>Returns a list containing given items.</doc>
<msg timestamp="20220901 11:30:10.284" level="INFO">@{myfiles} = [ i:\Codeo\Python\Robocorp\Fill Robot Order\imagesFiles\RSB-ROBO-ORDER-OD1FSAGTC.png:x=0,y=0 ]</msg>
<status status="PASS" starttime="20220901 11:30:10.284" endtime="20220901 11:30:10.284"/>
</kw>
<kw name="Add Files To Pdf" library="RPA.PDF">
<arg>${myfiles}</arg>
<arg>${pdf}</arg>
<arg>${True}</arg>
<doc>Add images and/or pdfs to new PDF document</doc>
<msg timestamp="20220901 11:30:10.297" level="INFO">Adding page: 0</msg>
<msg timestamp="20220901 11:30:10.301" level="INFO">File i:\Codeo\Python\Robocorp\Fill Robot Order\imagesFiles\RSB-ROBO-ORDER-OD1FSAGTC.png type: png</msg>
<msg timestamp="20220901 11:30:10.301" level="INFO">Image parameters: {'x': '0', 'y': '0'}</msg>
<status status="PASS" starttime="20220901 11:30:10.284" endtime="20220901 11:30:10.349"/>
</kw>
<status status="PASS" starttime="20220901 11:30:10.282" endtime="20220901 11:30:10.349"/>
</kw>
<kw name="Go to order another robot">
<kw name="Set Local Variable" library="BuiltIn">
<arg>${order_another_bot}</arg>
<arg>//*[@id="order-another"]</arg>
<doc>Makes a variable available everywhere within the local scope.</doc>
<msg timestamp="20220901 11:30:10.351" level="INFO">${order_another_bot} = //*[@id="order-another"]</msg>
<status status="PASS" starttime="20220901 11:30:10.350" endtime="20220901 11:30:10.351"/>
</kw>
<kw name="Wait Until Element Is Visible" library="RPA.Browser.Selenium">
<arg>${order_another_bot}</arg>
<doc>Waits until the element ``locator`` is visible.</doc>
<status status="PASS" starttime="20220901 11:30:10.351" endtime="20220901 11:30:10.367"/>
</kw>
<kw name="Click Button" library="RPA.Browser.Selenium">
<arg>${order_another_bot}</arg>
<doc>Clicks the button identified by ``locator``.</doc>
<msg timestamp="20220901 11:30:10.368" level="INFO">Clicking button '//*[@id="order-another"]'.</msg>
<status status="PASS" starttime="20220901 11:30:10.367" endtime="20220901 11:30:10.496"/>
</kw>
<status status="PASS" starttime="20220901 11:30:10.350" endtime="20220901 11:30:10.497"/>
</kw>
<status status="PASS" starttime="20220901 11:30:08.443" endtime="20220901 11:30:10.497"/>
</iter>
<iter>
<var name="${row}">{'Order number': '4', 'Head': '2', 'Body': '3', 'Legs': '2', 'Address': 'Address 1'}</var>
<kw name="Close the annoying modal">
<kw name="Click Button" library="RPA.Browser.Selenium">
<arg>OK</arg>
<doc>Clicks the button identified by ``locator``.</doc>
<msg timestamp="20220901 11:30:10.499" level="INFO">Clicking button 'OK'.</msg>
<status status="PASS" starttime="20220901 11:30:10.499" endtime="20220901 11:30:10.539"/>
</kw>
<status status="PASS" starttime="20220901 11:30:10.498" endtime="20220901 11:30:10.540"/>
</kw>
<kw name="Fill the form">
<arg>${row}</arg>
<kw name="Set Local Variable" library="BuiltIn">
<arg>${choose_head}</arg>
<arg>//*[@id="head"]</arg>
<doc>Makes a variable available everywhere within the local scope.</doc>
<msg timestamp="20220901 11:30:10.541" level="INFO">${choose_head} = //*[@id="head"]</msg>
<status status="PASS" starttime="20220901 11:30:10.540" endtime="20220901 11:30:10.541"/>
</kw>
<kw name="Set Local Variable" library="BuiltIn">
<arg>${choose_body}</arg>
<arg>body</arg>
<doc>Makes a variable available everywhere within the local scope.</doc>
<msg timestamp="20220901 11:30:10.542" level="INFO">${choose_body} = body</msg>
<status status="PASS" starttime="20220901 11:30:10.542" endtime="20220901 11:30:10.543"/>
</kw>
<kw name="Set Local Variable" library="BuiltIn">
<arg>${number_legs}</arg>
<arg>xpath:/html/body/div/div/div[1]/div/div[1]/form/div[3]/input</arg>
<doc>Makes a variable available everywhere within the local scope.</doc>
<msg timestamp="20220901 11:30:10.544" level="INFO">${number_legs} = xpath:/html/body/div/div/div[1]/div/div[1]/form/div[3]/input</msg>
<status status="PASS" starttime="20220901 11:30:10.543" endtime="20220901 11:30:10.544"/>
</kw>
<kw name="Set Local Variable" library="BuiltIn">
<arg>${shipping_addres}</arg>
<arg>//*[@id="address"]</arg>
<doc>Makes a variable available everywhere within the local scope.</doc>
<msg timestamp="20220901 11:30:10.546" level="INFO">${shipping_addres} = //*[@id="address"]</msg>
<status status="PASS" starttime="20220901 11:30:10.545" endtime="20220901 11:30:10.546"/>
</kw>
<kw name="Wait Until Element Is Visible" library="RPA.Browser.Selenium">
<arg>${choose_head}</arg>
<doc>Waits until the element ``locator`` is visible.</doc>
<status status="PASS" starttime="20220901 11:30:10.546" endtime="20220901 11:30:10.561"/>
</kw>
<kw name="Wait Until Element Is Enabled" library="RPA.Browser.Selenium">
<arg>${choose_head}</arg>
<doc>Waits until the element ``locator`` is enabled.</doc>
<status status="PASS" starttime="20220901 11:30:10.561" endtime="20220901 11:30:10.577"/>
</kw>
<kw name="Select From List By Value" library="RPA.Browser.Selenium">
<arg>${choose_head}</arg>
<arg>${row}[Head]</arg>
<doc>Selects options from selection list ``locator`` by ``values``.</doc>
<msg timestamp="20220901 11:30:10.579" level="INFO">Selecting options from selection list '//*[@id="head"]' by value 2.</msg>
<status status="PASS" starttime="20220901 11:30:10.578" endtime="20220901 11:30:10.624"/>
</kw>
<kw name="Wait Until Element Is Enabled" library="RPA.Browser.Selenium">
<arg>${choose_body}</arg>
<doc>Waits until the element ``locator`` is enabled.</doc>
<status status="PASS" starttime="20220901 11:30:10.625" endtime="20220901 11:30:10.643"/>
</kw>
<kw name="Select Radio Button" library="RPA.Browser.Selenium">
<arg>${choose_body}</arg>
<arg>${row}[Body]</arg>
<doc>Sets the radio button group ``group_name`` to ``value``.</doc>
<msg timestamp="20220901 11:30:10.644" level="INFO">Selecting '3' from radio button 'body'.</msg>
<status status="PASS" starttime="20220901 11:30:10.644" endtime="20220901 11:30:10.691"/>
</kw>
<kw name="Wait Until Element Is Enabled" library="RPA.Browser.Selenium">
<arg>${number_legs}</arg>
<doc>Waits until the element ``locator`` is enabled.</doc>
<status status="PASS" starttime="20220901 11:30:10.692" endtime="20220901 11:30:10.708"/>
</kw>
<kw name="Input Text" library="RPA.Browser.Selenium">
<arg>${number_legs}</arg>
<arg>${row}[Legs]</arg>
<doc>Types the given ``text`` into the text field identified by ``locator``.</doc>
<msg timestamp="20220901 11:30:10.709" level="INFO">Typing text '2' into text field 'xpath:/html/body/div/div/div[1]/div/div[1]/form/div[3]/input'.</msg>
<status status="PASS" starttime="20220901 11:30:10.708" endtime="20220901 11:30:10.765"/>
</kw>
<kw name="Wait Until Element Is Enabled" library="RPA.Browser.Selenium">
<arg>${shipping_addres}</arg>
<doc>Waits until the element ``locator`` is enabled.</doc>
<status status="PASS" starttime="20220901 11:30:10.766" endtime="20220901 11:30:10.781"/>
</kw>
<kw name="Input Text" library="RPA.Browser.Selenium">
<arg>${shipping_addres}</arg>
<arg>${row}[Address]</arg>
<doc>Types the given ``text`` into the text field identified by ``locator``.</doc>
<msg timestamp="20220901 11:30:10.782" level="INFO">Typing text 'Address 1' into text field '//*[@id="address"]'.</msg>
<status status="PASS" starttime="20220901 11:30:10.781" endtime="20220901 11:30:10.843"/>
</kw>
<status status="PASS" starttime="20220901 11:30:10.540" endtime="20220901 11:30:10.843"/>
</kw>
<kw name="Wait Until Keyword Succeeds" library="BuiltIn">
<arg>10x</arg>
<arg>2s</arg>
<arg>Preview the robot</arg>
<doc>Runs the specified keyword and retries if it fails.</doc>
<kw name="Preview the robot">
<kw name="Set Local Variable" library="BuiltIn">
<arg>${button_preview}</arg>
<arg>//*[@id="preview"]</arg>
<doc>Makes a variable available everywhere within the local scope.</doc>
<msg timestamp="20220901 11:30:10.846" level="INFO">${button_preview} = //*[@id="preview"]</msg>
<status status="PASS" starttime="20220901 11:30:10.845" endtime="20220901 11:30:10.846"/>
</kw>
<kw name="Set Local Variable" library="BuiltIn">
<arg>${preview_image}</arg>
<arg>//*[@id="robot-preview-image"]</arg>
<doc>Makes a variable available everywhere within the local scope.</doc>
<msg timestamp="20220901 11:30:10.847" level="INFO">${preview_image} = //*[@id="robot-preview-image"]</msg>
<status status="PASS" starttime="20220901 11:30:10.846" endtime="20220901 11:30:10.847"/>
</kw>
<kw name="Click Button" library="RPA.Browser.Selenium">
<arg>${button_preview}</arg>
<doc>Clicks the button identified by ``locator``.</doc>
<msg timestamp="20220901 11:30:10.848" level="INFO">Clicking button '//*[@id="preview"]'.</msg>
<status status="PASS" starttime="20220901 11:30:10.847" endtime="20220901 11:30:10.890"/>
</kw>
<kw name="Wait Until Element Is Visible" library="RPA.Browser.Selenium">
<arg>${preview_image}</arg>
<doc>Waits until the element ``locator`` is visible.</doc>
<status status="PASS" starttime="20220901 11:30:10.890" endtime="20220901 11:30:10.905"/>
</kw>
<status status="PASS" starttime="20220901 11:30:10.844" endtime="20220901 11:30:10.905"/>
</kw>
<status status="PASS" starttime="20220901 11:30:10.844" endtime="20220901 11:30:10.906"/>
</kw>
<kw name="Wait Until Keyword Succeeds" library="BuiltIn">
<arg>10x</arg>
<arg>2s</arg>
<arg>Submit the order</arg>
<doc>Runs the specified keyword and retries if it fails.</doc>
<kw name="Submit the order">
<kw name="Set Local Variable" library="BuiltIn">
<arg>${button_order}</arg>
<arg>//*[@id="order"]</arg>
<doc>Makes a variable available everywhere within the local scope.</doc>
<msg timestamp="20220901 11:30:10.908" level="INFO">${button_order} = //*[@id="order"]</msg>
<status status="PASS" starttime="20220901 11:30:10.907" endtime="20220901 11:30:10.908"/>
</kw>
<kw name="Set Local Variable" library="BuiltIn">
<arg>${order_receipt}</arg>
<arg>//*[@id="receipt"]</arg>
<doc>Makes a variable available everywhere within the local scope.</doc>
<msg timestamp="20220901 11:30:10.909" level="INFO">${order_receipt} = //*[@id="receipt"]</msg>
<status status="PASS" starttime="20220901 11:30:10.908" endtime="20220901 11:30:10.909"/>
</kw>
<kw name="Mute Run On Failure" library="RPA.RobotLogListener">
<arg>Page Should Contain Element</arg>
<doc>Set keywords which should not execute `SeleniumLibrary`
default behaviour of running keyword on failure.</doc>
<kw name="Get Library Instance" library="BuiltIn">
<arg>RPA.Browser</arg>
<doc>Returns the currently active instance of the specified library.</doc>
<msg timestamp="20220901 11:30:10.911" level="FAIL">No library 'RPA.Browser' found.</msg>
<status status="FAIL" starttime="20220901 11:30:10.910" endtime="20220901 11:30:10.911"/>
</kw>
<kw name="Get Library Instance" library="BuiltIn">
<arg>RPA.Browser.Selenium</arg>
<doc>Returns the currently active instance of the specified library.</doc>
<status status="PASS" starttime="20220901 11:30:10.912" endtime="20220901 11:30:10.912"/>
</kw>
<status status="PASS" starttime="20220901 11:30:10.909" endtime="20220901 11:30:10.913"/>
</kw>
<kw name="Click Button" library="RPA.Browser.Selenium">
<arg>${button_order}</arg>
<doc>Clicks the button identified by ``locator``.</doc>
<msg timestamp="20220901 11:30:10.913" level="INFO">Clicking button '//*[@id="order"]'.</msg>
<status status="PASS" starttime="20220901 11:30:10.913" endtime="20220901 11:30:10.964"/>
</kw>
<kw name="Page Should Contain Element" library="RPA.Browser.Selenium">
<arg>${order_receipt}</arg>
<doc>Verifies that element ``locator`` is found on the current page.</doc>
<msg timestamp="20220901 11:30:10.965" level="INFO">No keyword will be run on failure.</msg>
<msg timestamp="20220901 11:30:10.965" level="INFO">No keyword will be run on failure.</msg>
<msg timestamp="20220901 11:30:10.965" level="INFO">No keyword will be run on failure.</msg>
<msg timestamp="20220901 11:30:10.965" level="INFO">No keyword will be run on failure.</msg>
<msg timestamp="20220901 11:30:10.965" level="INFO">No keyword will be run on failure.</msg>
<msg timestamp="20220901 11:30:10.965" level="INFO">No keyword will be run on failure.</msg>
<msg timestamp="20220901 11:30:10.974" level="INFO">Current page contains element '//*[@id="receipt"]'.</msg>
<status status="PASS" starttime="20220901 11:30:10.965" endtime="20220901 11:30:10.974"/>
</kw>
<status status="PASS" starttime="20220901 11:30:10.906" endtime="20220901 11:30:10.975"/>
</kw>
<status status="PASS" starttime="20220901 11:30:10.906" endtime="20220901 11:30:10.975"/>
</kw>
<kw name="Take a screenshot of the robot">
<var>${order_id}</var>
<var>${screenshot}</var>
<kw name="Set Local Variable" library="BuiltIn">
<arg>${preview_image}</arg>
<arg>//*[@id="robot-preview-image"]</arg>
<doc>Makes a variable available everywhere within the local scope.</doc>
<msg timestamp="20220901 11:30:10.976" level="INFO">${preview_image} = //*[@id="robot-preview-image"]</msg>
<status status="PASS" starttime="20220901 11:30:10.975" endtime="20220901 11:30:10.976"/>
</kw>
<kw name="Set Local Variable" library="BuiltIn">
<arg>${orderid}</arg>
<arg>xpath://html/body/div/div/div[1]/div/div[1]/div/div/p[1]</arg>
<doc>Makes a variable available everywhere within the local scope.</doc>
<msg timestamp="20220901 11:30:10.978" level="INFO">${orderid} = xpath://html/body/div/div/div[1]/div/div[1]/div/div/p[1]</msg>
<status status="PASS" starttime="20220901 11:30:10.977" endtime="20220901 11:30:10.978"/>
</kw>
<kw name="Wait Until Element Is Visible" library="RPA.Browser.Selenium">
<arg>${preview_image}</arg>
<doc>Waits until the element ``locator`` is visible.</doc>
[...]
<msg timestamp="20220901 11:30:56.604" level="INFO">Typing text '5' into text field 'xpath:/html/body/div/div/div[1]/div/div[1]/form/div[3]/input'.</msg>
<status status="PASS" starttime="20220901 11:30:56.603" endtime="20220901 11:30:56.660"/>
</kw>
<kw name="Wait Until Element Is Enabled" library="RPA.Browser.Selenium">
<arg>${shipping_addres}</arg>
<doc>Waits until the element ``locator`` is enabled.</doc>
<status status="PASS" starttime="20220901 11:30:56.660" endtime="20220901 11:30:56.679"/>
</kw>
<kw name="Input Text" library="RPA.Browser.Selenium">
<arg>${shipping_addres}</arg>
<arg>${row}[Address]</arg>
<doc>Types the given ``text`` into the text field identified by ``locator``.</doc>
<msg timestamp="20220901 11:30:56.680" level="INFO">Typing text 'Address H' into text field '//*[@id="address"]'.</msg>
<status status="PASS" starttime="20220901 11:30:56.679" endtime="20220901 11:30:56.740"/>
</kw>
<status status="PASS" starttime="20220901 11:30:56.433" endtime="20220901 11:30:56.740"/>
</kw>
<kw name="Wait Until Keyword Succeeds" library="BuiltIn">
<arg>10x</arg>
<arg>2s</arg>
<arg>Preview the robot</arg>
<doc>Runs the specified keyword and retries if it fails.</doc>
<kw name="Preview the robot">
<kw name="Set Local Variable" library="BuiltIn">
<arg>${button_preview}</arg>
<arg>//*[@id="preview"]</arg>
<doc>Makes a variable available everywhere within the local scope.</doc>
<msg timestamp="20220901 11:30:56.742" level="INFO">${button_preview} = //*[@id="preview"]</msg>
<status status="PASS" starttime="20220901 11:30:56.741" endtime="20220901 11:30:56.742"/>
</kw>
<kw name="Set Local Variable" library="BuiltIn">
<arg>${preview_image}</arg>
<arg>//*[@id="robot-preview-image"]</arg>
<doc>Makes a variable available everywhere within the local scope.</doc>
<msg timestamp="20220901 11:30:56.744" level="INFO">${preview_image} = //*[@id="robot-preview-image"]</msg>
<status status="PASS" starttime="20220901 11:30:56.743" endtime="20220901 11:30:56.744"/>
</kw>
<kw name="Click Button" library="RPA.Browser.Selenium">
<arg>${button_preview}</arg>
<doc>Clicks the button identified by ``locator``.</doc>
<msg timestamp="20220901 11:30:56.745" level="INFO">Clicking button '//*[@id="preview"]'.</msg>
<status status="PASS" starttime="20220901 11:30:56.745" endtime="20220901 11:30:56.791"/>
</kw>
<kw name="Wait Until Element Is Visible" library="RPA.Browser.Selenium">
<arg>${preview_image}</arg>
<doc>Waits until the element ``locator`` is visible.</doc>
<status status="PASS" starttime="20220901 11:30:56.791" endtime="20220901 11:30:56.807"/>
</kw>
<status status="PASS" starttime="20220901 11:30:56.741" endtime="20220901 11:30:56.807"/>
</kw>
<status status="PASS" starttime="20220901 11:30:56.741" endtime="20220901 11:30:56.807"/>
</kw>
<kw name="Wait Until Keyword Succeeds" library="BuiltIn">
<arg>10x</arg>
<arg>2s</arg>
<arg>Submit the order</arg>
<doc>Runs the specified keyword and retries if it fails.</doc>
<kw name="Submit the order">
<kw name="Set Local Variable" library="BuiltIn">
<arg>${button_order}</arg>
<arg>//*[@id="order"]</arg>
<doc>Makes a variable available everywhere within the local scope.</doc>
<msg timestamp="20220901 11:30:56.809" level="INFO">${button_order} = //*[@id="order"]</msg>
<status status="PASS" starttime="20220901 11:30:56.808" endtime="20220901 11:30:56.809"/>
</kw>
<kw name="Set Local Variable" library="BuiltIn">
<arg>${order_receipt}</arg>
<arg>//*[@id="receipt"]</arg>
<doc>Makes a variable available everywhere within the local scope.</doc>
<msg timestamp="20220901 11:30:56.811" level="INFO">${order_receipt} = //*[@id="receipt"]</msg>
<status status="PASS" starttime="20220901 11:30:56.809" endtime="20220901 11:30:56.811"/>
</kw>
<kw name="Mute Run On Failure" library="RPA.RobotLogListener">
<arg>Page Should Contain Element</arg>
<doc>Set keywords which should not execute `SeleniumLibrary`
default behaviour of running keyword on failure.</doc>
<kw name="Get Library Instance" library="BuiltIn">
<arg>RPA.Browser</arg>
<doc>Returns the currently active instance of the specified library.</doc>
<msg timestamp="20220901 11:30:56.813" level="FAIL">No library 'RPA.Browser' found.</msg>
<status status="FAIL" starttime="20220901 11:30:56.812" endtime="20220901 11:30:56.813"/>
</kw>
<kw name="Get Library Instance" library="BuiltIn">
<arg>RPA.Browser.Selenium</arg>
<doc>Returns the currently active instance of the specified library.</doc>
<status status="PASS" starttime="20220901 11:30:56.813" endtime="20220901 11:30:56.814"/>
</kw>
<status status="PASS" starttime="20220901 11:30:56.811" endtime="20220901 11:30:56.814"/>
</kw>
<kw name="Click Button" library="RPA.Browser.Selenium">
<arg>${button_order}</arg>
<doc>Clicks the button identified by ``locator``.</doc>
<msg timestamp="20220901 11:30:56.814" level="INFO">Clicking button '//*[@id="order"]'.</msg>
<status status="PASS" starttime="20220901 11:30:56.814" endtime="20220901 11:30:56.857"/>
</kw>
<kw name="Page Should Contain Element" library="RPA.Browser.Selenium">
<arg>${order_receipt}</arg>
<doc>Verifies that element ``locator`` is found on the current page.</doc>
<msg timestamp="20220901 11:30:56.858" level="INFO">No keyword will be run on failure.</msg>
<msg timestamp="20220901 11:30:56.858" level="INFO">No keyword will be run on failure.</msg>
<msg timestamp="20220901 11:30:56.858" level="INFO">No keyword will be run on failure.</msg>
<msg timestamp="20220901 11:30:56.858" level="INFO">No keyword will be run on failure.</msg>
<msg timestamp="20220901 11:30:56.858" level="INFO">No keyword will be run on failure.</msg>
<msg timestamp="20220901 11:30:56.858" level="INFO">No keyword will be run on failure.</msg>
<msg timestamp="20220901 11:30:56.858" level="INFO">No keyword will be run on failure.</msg>
<msg timestamp="20220901 11:30:56.858" level="INFO">No keyword will be run on failure.</msg>
<msg timestamp="20220901 11:30:56.858" level="INFO">No keyword will be run on failure.</msg>
<msg timestamp="20220901 11:30:56.858" level="INFO">No keyword will be run on failure.</msg>
<msg timestamp="20220901 11:30:56.858" level="INFO">No keyword will be run on failure.</msg>
<msg timestamp="20220901 11:30:56.858" level="INFO">No keyword will be run on failure.</msg>
<msg timestamp="20220901 11:30:56.858" level="INFO">No keyword will be run on failure.</msg>
<msg timestamp="20220901 11:30:56.858" level="INFO">No keyword will be run on failure.</msg>
<msg timestamp="20220901 11:30:56.858" level="INFO">No keyword will be run on failure.</msg>
<msg timestamp="20220901 11:30:56.858" level="INFO">No keyword will be run on failure.</msg>
<msg timestamp="20220901 11:30:56.858" level="INFO">No keyword will be run on failure.</msg>
<msg timestamp="20220901 11:30:56.858" level="INFO">No keyword will be run on failure.</msg>
<msg timestamp="20220901 11:30:56.858" level="INFO">No keyword will be run on failure.</msg>
<msg timestamp="20220901 11:30:56.858" level="INFO">No keyword will be run on failure.</msg>
<msg timestamp="20220901 11:30:56.858" level="INFO">No keyword will be run on failure.</msg>
<msg timestamp="20220901 11:30:56.858" level="INFO">No keyword will be run on failure.</msg>
<msg timestamp="20220901 11:30:56.858" level="INFO">No keyword will be run on failure.</msg>
<msg timestamp="20220901 11:30:56.858" level="INFO">No keyword will be run on failure.</msg>
<msg timestamp="20220901 11:30:56.858" level="INFO">No keyword will be run on failure.</msg>
<msg timestamp="20220901 11:30:56.858" level="INFO">No keyword will be run on failure.</msg>
<msg timestamp="20220901 11:30:56.859" level="INFO">No keyword will be run on failure.</msg>
<msg timestamp="20220901 11:30:56.859" level="INFO">No keyword will be run on failure.</msg>
<msg timestamp="20220901 11:30:56.865" level="INFO">Current page contains element '//*[@id="receipt"]'.</msg>
<status status="PASS" starttime="20220901 11:30:56.858" endtime="20220901 11:30:56.865"/>
</kw>
<status status="PASS" starttime="20220901 11:30:56.808" endtime="20220901 11:30:56.865"/>
</kw>
<status status="PASS" starttime="20220901 11:30:56.807" endtime="20220901 11:30:56.866"/>
</kw>
<kw name="Take a screenshot of the robot">
<var>${order_id}</var>
<var>${screenshot}</var>
<kw name="Set Local Variable" library="BuiltIn">
<arg>${preview_image}</arg>
<arg>//*[@id="robot-preview-image"]</arg>
<doc>Makes a variable available everywhere within the local scope.</doc>
<msg timestamp="20220901 11:30:56.867" level="INFO">${preview_image} = //*[@id="robot-preview-image"]</msg>
<status status="PASS" starttime="20220901 11:30:56.866" endtime="20220901 11:30:56.867"/>
</kw>
<kw name="Set Local Variable" library="BuiltIn">
<arg>${orderid}</arg>
<arg>xpath://html/body/div/div/div[1]/div/div[1]/div/div/p[1]</arg>
<doc>Makes a variable available everywhere within the local scope.</doc>
<msg timestamp="20220901 11:30:56.869" level="INFO">${orderid} = xpath://html/body/div/div/div[1]/div/div[1]/div/div/p[1]</msg>
<status status="PASS" starttime="20220901 11:30:56.868" endtime="20220901 11:30:56.869"/>
</kw>
<kw name="Wait Until Element Is Visible" library="RPA.Browser.Selenium">
<arg>${preview_image}</arg>
<doc>Waits until the element ``locator`` is visible.</doc>
<status status="PASS" starttime="20220901 11:30:56.869" endtime="20220901 11:30:56.882"/>
</kw>
<kw name="Wait Until Element Is Visible" library="RPA.Browser.Selenium">
<arg>${orderid}</arg>
<doc>Waits until the element ``locator`` is visible.</doc>
<status status="PASS" starttime="20220901 11:30:56.882" endtime="20220901 11:30:56.896"/>
</kw>
<kw name="Get Text" library="RPA.Browser.Selenium">
<var>${orderid}</var>
<arg>//*[@id="receipt"]/p[1]</arg>
<doc>Returns the text value of the element identified by ``locator``.</doc>
<msg timestamp="20220901 11:30:56.914" level="INFO">${orderid} = RSB-ROBO-ORDER-ISC80OSBYR</msg>
<status status="PASS" starttime="20220901 11:30:56.896" endtime="20220901 11:30:56.914"/>
</kw>
<kw name="Set Local Variable" library="BuiltIn">
<arg>${img_file}</arg>
<arg>${image_folder}${/}${orderid}.png</arg>
<doc>Makes a variable available everywhere within the local scope.</doc>
<msg timestamp="20220901 11:30:56.916" level="INFO">${img_file} = i:\Codeo\Python\Robocorp\Fill Robot Order\imagesFiles\RSB-ROBO-ORDER-ISC80OSBYR.png</msg>
<status status="PASS" starttime="20220901 11:30:56.914" endtime="20220901 11:30:56.916"/>
</kw>
<kw name="Sleep" library="BuiltIn">
<arg>1sec</arg>
<doc>Pauses the test executed for the given time.</doc>
<msg timestamp="20220901 11:30:57.921" level="INFO">Slept 1 second</msg>
<status status="PASS" starttime="20220901 11:30:56.916" endtime="20220901 11:30:57.921"/>
</kw>
<kw name="Log To Console" library="BuiltIn">
<arg>Capturing Screenshot to ${img_file}</arg>
<doc>Logs the given message to the console.</doc>
<status status="PASS" starttime="20220901 11:30:57.921" endtime="20220901 11:30:57.922"/>
</kw>
<kw name="Capture Element Screenshot" library="RPA.Browser.Selenium">
<arg>${preview_image}</arg>
<arg>${img_file}</arg>
<doc>Captures a screenshot from the element identified by ``locator`` and embeds it into log file.</doc>
<msg timestamp="20220901 11:30:58.019" level="INFO" html="true">&lt;/td&gt;&lt;/tr&gt;&lt;tr&gt;&lt;td colspan="3"&gt;&lt;a href="file:///I:/Codeo/Python/Robocorp/Fill%20Robot%20Order/imagesFiles/RSB-ROBO-ORDER-ISC80OSBYR.png"&gt;&lt;img src="file:///I:/Codeo/Python/Robocorp/Fill%20Robot%20Order/imagesFiles/RSB-ROBO-ORDER-ISC80OSBYR.png" width="400px"&gt;&lt;/a&gt;</msg>
<status status="PASS" starttime="20220901 11:30:57.922" endtime="20220901 11:30:58.019"/>
</kw>
<msg timestamp="20220901 11:30:58.020" level="INFO">${order_id} = RSB-ROBO-ORDER-ISC80OSBYR</msg>
<msg timestamp="20220901 11:30:58.020" level="INFO">${screenshot} = i:\Codeo\Python\Robocorp\Fill Robot Order\imagesFiles\RSB-ROBO-ORDER-ISC80OSBYR.png</msg>
<status status="PASS" starttime="20220901 11:30:56.866" endtime="20220901 11:30:58.021"/>
</kw>
<kw name="Store the receipt as a PDF file">
<var>${pdf}</var>
<arg>ORDER_Number=${order_id}</arg>
<kw name="Wait Until Element Is Visible" library="RPA.Browser.Selenium">
<arg>//*[@id="receipt"]</arg>
<doc>Waits until the element ``locator`` is visible.</doc>
<status status="PASS" starttime="20220901 11:30:58.022" endtime="20220901 11:30:58.037"/>
</kw>
<kw name="Log To Console" library="BuiltIn">
<arg>Printing ${ORDER_Number}</arg>
<doc>Logs the given message to the console.</doc>
<status status="PASS" starttime="20220901 11:30:58.038" endtime="20220901 11:30:58.038"/>
</kw>
<kw name="Get Element Attribute" library="RPA.Browser.Selenium">
<var>${order_receipt}</var>
<arg>//*[@id="receipt"]</arg>
<arg>outerHTML</arg>
<doc>Returns the value of ``attribute`` from the element ``locator``.</doc>
<msg timestamp="20220901 11:30:58.049" level="INFO">${order_receipt} = &lt;div id="receipt" class="alert alert-success" role="alert"&gt;&lt;h3&gt;Receipt&lt;/h3&gt;&lt;div&gt;2022-09-01T14:30:56.853Z&lt;/div&gt;&lt;p class="badge badge-success"&gt;RSB-ROBO-ORDER-ISC80OSBYR&lt;/p&gt;&lt;p&gt;Address H&lt;/p&gt;&lt;div id="parts...</msg>
<status status="PASS" starttime="20220901 11:30:58.039" endtime="20220901 11:30:58.049"/>
</kw>
<kw name="Set Local Variable" library="BuiltIn">
<arg>${pdf_filename}</arg>
<arg>${pdf_folder}${/}${ORDER_Number}.pdf</arg>
<doc>Makes a variable available everywhere within the local scope.</doc>
<msg timestamp="20220901 11:30:58.051" level="INFO">${pdf_filename} = i:\Codeo\Python\Robocorp\Fill Robot Order\pdfFiles\RSB-ROBO-ORDER-ISC80OSBYR.pdf</msg>
<status status="PASS" starttime="20220901 11:30:58.050" endtime="20220901 11:30:58.051"/>
</kw>
<kw name="Html To Pdf" library="RPA.PDF">
<arg>content=${order_receipt}</arg>
<arg>output_path=${pdf_filename}</arg>
<doc>Generate a PDF file from HTML content.</doc>
<msg timestamp="20220901 11:30:58.052" level="INFO">Writing output to file I:\Codeo\Python\Robocorp\Fill Robot Order\pdfFiles\RSB-ROBO-ORDER-ISC80OSBYR.pdf</msg>
<status status="PASS" starttime="20220901 11:30:58.051" endtime="20220901 11:30:58.155"/>
</kw>
<msg timestamp="20220901 11:30:58.156" level="INFO">${pdf} = i:\Codeo\Python\Robocorp\Fill Robot Order\pdfFiles\RSB-ROBO-ORDER-ISC80OSBYR.pdf</msg>
<status status="PASS" starttime="20220901 11:30:58.021" endtime="20220901 11:30:58.156"/>
</kw>
<kw name="Embed the robot screenshot to the receipt PDF file">
<arg>${screenshot}</arg>
<arg>${pdf}</arg>
<kw name="Log To Console" library="BuiltIn">
<arg>Printing Embedding image ${image} in pdf file ${pdf}</arg>
<doc>Logs the given message to the console.</doc>
<status status="PASS" starttime="20220901 11:30:58.157" endtime="20220901 11:30:58.158"/>
</kw>
<kw name="Create List" library="BuiltIn">
<var>@{myfiles}</var>
<arg>${image}:x=0,y=0</arg>
<doc>Returns a list containing given items.</doc>
<msg timestamp="20220901 11:30:58.159" level="INFO">@{myfiles} = [ i:\Codeo\Python\Robocorp\Fill Robot Order\imagesFiles\RSB-ROBO-ORDER-ISC80OSBYR.png:x=0,y=0 ]</msg>
<status status="PASS" starttime="20220901 11:30:58.159" endtime="20220901 11:30:58.159"/>
</kw>
<kw name="Add Files To Pdf" library="RPA.PDF">
<arg>${myfiles}</arg>
<arg>${pdf}</arg>
<arg>${True}</arg>
<doc>Add images and/or pdfs to new PDF document</doc>
<msg timestamp="20220901 11:30:58.167" level="INFO">Adding page: 0</msg>
<msg timestamp="20220901 11:30:58.171" level="INFO">File i:\Codeo\Python\Robocorp\Fill Robot Order\imagesFiles\RSB-ROBO-ORDER-ISC80OSBYR.png type: png</msg>
<msg timestamp="20220901 11:30:58.171" level="INFO">Image parameters: {'x': '0', 'y': '0'}</msg>
<status status="PASS" starttime="20220901 11:30:58.159" endtime="20220901 11:30:58.205"/>
</kw>
<status status="PASS" starttime="20220901 11:30:58.156" endtime="20220901 11:30:58.206"/>
</kw>
<kw name="Go to order another robot">
<kw name="Set Local Variable" library="BuiltIn">
<arg>${order_another_bot}</arg>
<arg>//*[@id="order-another"]</arg>
<doc>Makes a variable available everywhere within the local scope.</doc>
<msg timestamp="20220901 11:30:58.208" level="INFO">${order_another_bot} = //*[@id="order-another"]</msg>
<status status="PASS" starttime="20220901 11:30:58.207" endtime="20220901 11:30:58.208"/>
</kw>
<kw name="Wait Until Element Is Visible" library="RPA.Browser.Selenium">
<arg>${order_another_bot}</arg>
<doc>Waits until the element ``locator`` is visible.</doc>
<status status="PASS" starttime="20220901 11:30:58.208" endtime="20220901 11:30:58.222"/>
</kw>
<kw name="Click Button" library="RPA.Browser.Selenium">
<arg>${order_another_bot}</arg>
<doc>Clicks the button identified by ``locator``.</doc>
<msg timestamp="20220901 11:30:58.222" level="INFO">Clicking button '//*[@id="order-another"]'.</msg>
<status status="PASS" starttime="20220901 11:30:58.222" endtime="20220901 11:30:58.338"/>
</kw>
<status status="PASS" starttime="20220901 11:30:58.206" endtime="20220901 11:30:58.339"/>
</kw>
<status status="PASS" starttime="20220901 11:30:56.382" endtime="20220901 11:30:58.339"/>
</iter>
<status status="PASS" starttime="20220901 11:29:59.796" endtime="20220901 11:30:58.339"/>
</for>
<kw name="Create a ZIP file of the receipts">
<kw name="Archive Folder With Zip" library="RPA.Archive">
<arg>${pdf_folder}</arg>
<arg>${out_folder}${/}output.zip</arg>
<arg>recursive=True</arg>
<arg>include=*.pdf</arg>
<doc>Create a zip archive of a folder</doc>
<status status="PASS" starttime="20220901 11:30:58.341" endtime="20220901 11:30:58.482"/>
</kw>
<status status="PASS" starttime="20220901 11:30:58.340" endtime="20220901 11:30:58.483"/>
</kw>
<kw name="Display Success Dialogs">
<arg>USER_NAME=${username}</arg>
<kw name="Add icon" library="RPA.Dialogs">
<arg>Success</arg>
<doc>Add an icon element</doc>
<status status="PASS" starttime="20220901 11:30:58.484" endtime="20220901 11:30:58.485"/>
</kw>
<kw name="Add heading" library="RPA.Dialogs">
<arg>Your orders have been processed</arg>
<doc>Add a centered heading text element</doc>
<status status="PASS" starttime="20220901 11:30:58.485" endtime="20220901 11:30:58.486"/>
</kw>
<kw name="Add text" library="RPA.Dialogs">
<arg>Dear ${username} - all the orders have been processed.</arg>
<doc>Add a text paragraph element, for larger bodies of text</doc>
<status status="PASS" starttime="20220901 11:30:58.486" endtime="20220901 11:30:58.487"/>
</kw>
<kw name="Run dialog" library="RPA.Dialogs">
<arg>title=Success</arg>
<tag>dialog</tag>
<doc>Create a dialog from all the defined elements and block
until the user has handled it.</doc>
<msg timestamp="20220901 11:30:58.487" level="INFO">Protecting keyword: RPA.Dialogs.Run dialog</msg>
<msg timestamp="20220901 11:31:09.562" level="INFO">Log level changed from NONE to INFO.</msg>
<status status="PASS" starttime="20220901 11:30:58.487" endtime="20220901 11:31:09.561"/>
</kw>
<status status="PASS" starttime="20220901 11:30:58.483" endtime="20220901 11:31:09.562"/>
</kw>
<kw name="Close the browser" type="TEARDOWN">
<kw name="Close Browser" library="RPA.Browser.Selenium">
<doc>Closes the current browser.</doc>
<status status="PASS" starttime="20220901 11:31:09.563" endtime="20220901 11:31:11.732"/>
</kw>
<status status="PASS" starttime="20220901 11:31:09.563" endtime="20220901 11:31:11.732"/>
</kw>
<status status="PASS" starttime="20220901 11:29:49.286" endtime="20220901 11:31:11.733"/>
</test>
<doc>Orders robots from RobotSpareBin Industries Inc.
Saves the order HTML receipt as a PDF file.
Saves the screenshot of the ordered robot.
Embeds the screenshot of the robot to the PDF receipt.
Creates ZIP archive of the receipts and the images.</doc>
<status status="PASS" starttime="20220901 11:29:46.175" endtime="20220901 11:31:11.734"/>
</suite>
<statistics>
<total>
<stat pass="1" fail="0" skip="0">All Tasks</stat>
</total>
<tag>
</tag>
<suite>
<stat pass="1" fail="0" skip="0" id="s1" name="Tasks">Tasks</stat>
</suite>
</statistics>
<errors>
<msg timestamp="20220901 11:29:49.281" level="WARN">This is a deprecated import that will be removed in favor of RPA.Robocorp.Vault</msg>
</errors>
</robot>
